[1.982s] DEBUG:colcon:Command line arguments: ['/usr/bin/colcon', 'build']
[1.983s] DEBUG:colcon:Parsed command line arguments: Namespace(log_base=None, log_level=None, verb_name='build', build_base='build', install_base='install', merge_install=False, symlink_install=False, test_result_base=None, continue_on_error=False, executor='parallel', parallel_workers=12, event_handlers=None, ignore_user_meta=False, metas=['./colcon.meta'], base_paths=['.'], packages_ignore=None, packages_ignore_regex=None, paths=None, packages_up_to=None, packages_up_to_regex=None, packages_above=None, packages_above_and_dependencies=None, packages_above_depth=None, packages_select_by_dep=None, packages_skip_by_dep=None, packages_skip_up_to=None, packages_select_build_failed=False, packages_skip_build_finished=False, packages_select_test_failures=False, packages_skip_test_passed=False, packages_select=None, packages_skip=None, packages_select_regex=None, packages_skip_regex=None, packages_start=None, packages_end=None, allow_overriding=[], cmake_args=None, cmake_target=None, cmake_target_skip_unavailable=False, cmake_clean_cache=False, cmake_clean_first=False, cmake_force_configure=False, ament_cmake_args=None, catkin_cmake_args=None, catkin_skip_building_tests=False, mixin_files=None, mixin=None, verb_parser=<colcon_mixin.mixin.mixin_argument.MixinArgumentDecorator object at 0x718d46bf9310>, verb_extension=<colcon_core.verb.build.BuildVerb object at 0x718d46bf85f0>, main=<bound method BuildVerb.main of <colcon_core.verb.build.BuildVerb object at 0x718d46bf85f0>>, mixin_verb=('build',))
[2.325s] Level 1:colcon.colcon_core.package_discovery:discover_packages(colcon_meta) check parameters
[2.325s] Level 1:colcon.colcon_core.package_discovery:discover_packages(recursive) check parameters
[2.325s] Level 1:colcon.colcon_core.package_discovery:discover_packages(ignore) check parameters
[2.325s] Level 1:colcon.colcon_core.package_discovery:discover_packages(path) check parameters
[2.325s] Level 1:colcon.colcon_core.package_discovery:discover_packages(colcon_meta) discover
[2.325s] Level 1:colcon.colcon_core.package_discovery:discover_packages(recursive) discover
[2.326s] INFO:colcon.colcon_core.package_discovery:Crawling recursively for packages in '/home/ubuntu/arm_ws'
[2.337s] Level 1:colcon.colcon_core.package_identification:_identify(.) by extensions ['ignore', 'ignore_ament_install']
[2.338s] Level 1:colcon.colcon_core.package_identification:_identify(.) by extension 'ignore'
[2.338s] Level 1:colcon.colcon_core.package_identification:_identify(.) by extension 'ignore_ament_install'
[2.338s] Level 1:colcon.colcon_core.package_identification:_identify(.) by extensions ['colcon_pkg']
[2.338s] Level 1:colcon.colcon_core.package_identification:_identify(.) by extension 'colcon_pkg'
[2.338s] Level 1:colcon.colcon_core.package_identification:_identify(.) by extensions ['colcon_meta']
[2.338s] Level 1:colcon.colcon_core.package_identification:_identify(.) by extension 'colcon_meta'
[2.338s] Level 1:colcon.colcon_core.package_identification:_identify(.) by extensions ['ros']
[2.338s] Level 1:colcon.colcon_core.package_identification:_identify(.) by extension 'ros'
[2.430s] Level 1:colcon.colcon_core.package_identification:_identify(.) by extensions ['cmake', 'python']
[2.430s] Level 1:colcon.colcon_core.package_identification:_identify(.) by extension 'cmake'
[2.431s] Level 1:colcon.colcon_core.package_identification:_identify(.) by extension 'python'
[2.431s] Level 1:colcon.colcon_core.package_identification:_identify(.) by extensions ['python_setup_py']
[2.431s] Level 1:colcon.colcon_core.package_identification:_identify(.) by extension 'python_setup_py'
[2.431s] Level 1:colcon.colcon_core.package_identification:_identify(build) by extensions ['ignore', 'ignore_ament_install']
[2.431s] Level 1:colcon.colcon_core.package_identification:_identify(build) by extension 'ignore'
[2.431s] Level 1:colcon.colcon_core.package_identification:_identify(build) ignored
[2.431s] Level 1:colcon.colcon_core.package_identification:_identify(install) by extensions ['ignore', 'ignore_ament_install']
[2.431s] Level 1:colcon.colcon_core.package_identification:_identify(install) by extension 'ignore'
[2.432s] Level 1:colcon.colcon_core.package_identification:_identify(install) ignored
[2.432s] Level 1:colcon.colcon_core.package_identification:_identify(log) by extensions ['ignore', 'ignore_ament_install']
[2.432s] Level 1:colcon.colcon_core.package_identification:_identify(log) by extension 'ignore'
[2.432s] Level 1:colcon.colcon_core.package_identification:_identify(log) ignored
[2.435s] Level 1:colcon.colcon_core.package_identification:_identify(src) by extensions ['ignore', 'ignore_ament_install']
[2.435s] Level 1:colcon.colcon_core.package_identification:_identify(src) by extension 'ignore'
[2.435s] Level 1:colcon.colcon_core.package_identification:_identify(src) by extension 'ignore_ament_install'
[2.435s] Level 1:colcon.colcon_core.package_identification:_identify(src) by extensions ['colcon_pkg']
[2.436s] Level 1:colcon.colcon_core.package_identification:_identify(src) by extension 'colcon_pkg'
[2.436s] Level 1:colcon.colcon_core.package_identification:_identify(src) by extensions ['colcon_meta']
[2.436s] Level 1:colcon.colcon_core.package_identification:_identify(src) by extension 'colcon_meta'
[2.436s] Level 1:colcon.colcon_core.package_identification:_identify(src) by extensions ['ros']
[2.436s] Level 1:colcon.colcon_core.package_identification:_identify(src) by extension 'ros'
[2.436s] Level 1:colcon.colcon_core.package_identification:_identify(src) by extensions ['cmake', 'python']
[2.436s] Level 1:colcon.colcon_core.package_identification:_identify(src) by extension 'cmake'
[2.436s] Level 1:colcon.colcon_core.package_identification:_identify(src) by extension 'python'
[2.436s] Level 1:colcon.colcon_core.package_identification:_identify(src) by extensions ['python_setup_py']
[2.437s] Level 1:colcon.colcon_core.package_identification:_identify(src) by extension 'python_setup_py'
[2.438s] Level 1:colcon.colcon_core.package_identification:_identify(src/arm_bot) by extensions ['ignore', 'ignore_ament_install']
[2.438s] Level 1:colcon.colcon_core.package_identification:_identify(src/arm_bot) by extension 'ignore'
[2.438s] Level 1:colcon.colcon_core.package_identification:_identify(src/arm_bot) by extension 'ignore_ament_install'
[2.439s] Level 1:colcon.colcon_core.package_identification:_identify(src/arm_bot) by extensions ['colcon_pkg']
[2.439s] Level 1:colcon.colcon_core.package_identification:_identify(src/arm_bot) by extension 'colcon_pkg'
[2.439s] Level 1:colcon.colcon_core.package_identification:_identify(src/arm_bot) by extensions ['colcon_meta']
[2.439s] Level 1:colcon.colcon_core.package_identification:_identify(src/arm_bot) by extension 'colcon_meta'
[2.439s] Level 1:colcon.colcon_core.package_identification:_identify(src/arm_bot) by extensions ['ros']
[2.439s] Level 1:colcon.colcon_core.package_identification:_identify(src/arm_bot) by extension 'ros'
[2.462s] DEBUG:colcon.colcon_core.package_identification:Package 'src/arm_bot' with type 'ros.ament_cmake' and name 'arm_bot'
[2.465s] Level 1:colcon.colcon_core.package_identification:_identify(src/arm_bot_controller) by extensions ['ignore', 'ignore_ament_install']
[2.466s] Level 1:colcon.colcon_core.package_identification:_identify(src/arm_bot_controller) by extension 'ignore'
[2.466s] Level 1:colcon.colcon_core.package_identification:_identify(src/arm_bot_controller) by extension 'ignore_ament_install'
[2.466s] Level 1:colcon.colcon_core.package_identification:_identify(src/arm_bot_controller) by extensions ['colcon_pkg']
[2.466s] Level 1:colcon.colcon_core.package_identification:_identify(src/arm_bot_controller) by extension 'colcon_pkg'
[2.466s] Level 1:colcon.colcon_core.package_identification:_identify(src/arm_bot_controller) by extensions ['colcon_meta']
[2.466s] Level 1:colcon.colcon_core.package_identification:_identify(src/arm_bot_controller) by extension 'colcon_meta'
[2.466s] Level 1:colcon.colcon_core.package_identification:_identify(src/arm_bot_controller) by extensions ['ros']
[2.466s] Level 1:colcon.colcon_core.package_identification:_identify(src/arm_bot_controller) by extension 'ros'
[2.468s] DEBUG:colcon.colcon_core.package_identification:Package 'src/arm_bot_controller' with type 'ros.ament_cmake' and name 'arm_bot_controller'
[2.468s] Level 1:colcon.colcon_core.package_discovery:discover_packages(recursive) using defaults
[2.469s] Level 1:colcon.colcon_core.package_discovery:discover_packages(ignore) discover
[2.469s] Level 1:colcon.colcon_core.package_discovery:discover_packages(ignore) using defaults
[2.469s] Level 1:colcon.colcon_core.package_discovery:discover_packages(path) discover
[2.469s] Level 1:colcon.colcon_core.package_discovery:discover_packages(path) using defaults
[2.574s] Level 1:colcon.colcon_core.package_discovery:discover_packages(prefix_path) check parameters
[2.574s] Level 1:colcon.colcon_core.package_discovery:discover_packages(prefix_path) discover
[2.592s] DEBUG:colcon.colcon_installed_package_information.package_discovery:Found 2 installed packages in /home/ubuntu/arm_ws/install
[2.597s] DEBUG:colcon.colcon_installed_package_information.package_discovery:Found 426 installed packages in /opt/ros/jazzy
[2.600s] Level 1:colcon.colcon_core.package_discovery:discover_packages(prefix_path) using defaults
[2.766s] Level 5:colcon.colcon_core.verb:set package 'arm_bot' build argument 'cmake_args' from command line to 'None'
[2.766s] Level 5:colcon.colcon_core.verb:set package 'arm_bot' build argument 'cmake_target' from command line to 'None'
[2.766s] Level 5:colcon.colcon_core.verb:set package 'arm_bot' build argument 'cmake_target_skip_unavailable' from command line to 'False'
[2.766s] Level 5:colcon.colcon_core.verb:set package 'arm_bot' build argument 'cmake_clean_cache' from command line to 'False'
[2.766s] Level 5:colcon.colcon_core.verb:set package 'arm_bot' build argument 'cmake_clean_first' from command line to 'False'
[2.766s] Level 5:colcon.colcon_core.verb:set package 'arm_bot' build argument 'cmake_force_configure' from command line to 'False'
[2.766s] Level 5:colcon.colcon_core.verb:set package 'arm_bot' build argument 'ament_cmake_args' from command line to 'None'
[2.766s] Level 5:colcon.colcon_core.verb:set package 'arm_bot' build argument 'catkin_cmake_args' from command line to 'None'
[2.767s] Level 5:colcon.colcon_core.verb:set package 'arm_bot' build argument 'catkin_skip_building_tests' from command line to 'False'
[2.767s] DEBUG:colcon.colcon_core.verb:Building package 'arm_bot' with the following arguments: {'ament_cmake_args': None, 'build_base': '/home/ubuntu/arm_ws/build/arm_bot', 'catkin_cmake_args': None, 'catkin_skip_building_tests': False, 'cmake_args': None, 'cmake_clean_cache': False, 'cmake_clean_first': False, 'cmake_force_configure': False, 'cmake_target': None, 'cmake_target_skip_unavailable': False, 'install_base': '/home/ubuntu/arm_ws/install/arm_bot', 'merge_install': False, 'path': '/home/ubuntu/arm_ws/src/arm_bot', 'symlink_install': False, 'test_result_base': None}
[2.767s] Level 5:colcon.colcon_core.verb:set package 'arm_bot_controller' build argument 'cmake_args' from command line to 'None'
[2.767s] Level 5:colcon.colcon_core.verb:set package 'arm_bot_controller' build argument 'cmake_target' from command line to 'None'
[2.767s] Level 5:colcon.colcon_core.verb:set package 'arm_bot_controller' build argument 'cmake_target_skip_unavailable' from command line to 'False'
[2.767s] Level 5:colcon.colcon_core.verb:set package 'arm_bot_controller' build argument 'cmake_clean_cache' from command line to 'False'
[2.767s] Level 5:colcon.colcon_core.verb:set package 'arm_bot_controller' build argument 'cmake_clean_first' from command line to 'False'
[2.767s] Level 5:colcon.colcon_core.verb:set package 'arm_bot_controller' build argument 'cmake_force_configure' from command line to 'False'
[2.767s] Level 5:colcon.colcon_core.verb:set package 'arm_bot_controller' build argument 'ament_cmake_args' from command line to 'None'
[2.767s] Level 5:colcon.colcon_core.verb:set package 'arm_bot_controller' build argument 'catkin_cmake_args' from command line to 'None'
[2.767s] Level 5:colcon.colcon_core.verb:set package 'arm_bot_controller' build argument 'catkin_skip_building_tests' from command line to 'False'
[2.767s] DEBUG:colcon.colcon_core.verb:Building package 'arm_bot_controller' with the following arguments: {'ament_cmake_args': None, 'build_base': '/home/ubuntu/arm_ws/build/arm_bot_controller', 'catkin_cmake_args': None, 'catkin_skip_building_tests': False, 'cmake_args': None, 'cmake_clean_cache': False, 'cmake_clean_first': False, 'cmake_force_configure': False, 'cmake_target': None, 'cmake_target_skip_unavailable': False, 'install_base': '/home/ubuntu/arm_ws/install/arm_bot_controller', 'merge_install': False, 'path': '/home/ubuntu/arm_ws/src/arm_bot_controller', 'symlink_install': False, 'test_result_base': None}
[2.768s] INFO:colcon.colcon_core.executor:Executing jobs using 'parallel' executor
[2.769s] DEBUG:colcon.colcon_parallel_executor.executor.parallel:run_until_complete
[2.769s] INFO:colcon.colcon_ros.task.ament_cmake.build:Building ROS package in '/home/ubuntu/arm_ws/src/arm_bot' with build type 'ament_cmake'
[2.770s] INFO:colcon.colcon_cmake.task.cmake.build:Building CMake package in '/home/ubuntu/arm_ws/src/arm_bot'
[2.887s] INFO:colcon.colcon_core.plugin_system:Skipping extension 'colcon_core.shell.bat': Not used on non-Windows systems
[2.888s] INFO:colcon.colcon_core.shell:Skip shell extension 'powershell' for command environment: Not usable outside of PowerShell
[2.888s] DEBUG:colcon.colcon_core.shell:Skip shell extension 'dsv' for command environment
[2.899s] INFO:colcon.colcon_ros.task.ament_cmake.build:Building ROS package in '/home/ubuntu/arm_ws/src/arm_bot_controller' with build type 'ament_cmake'
[2.900s] INFO:colcon.colcon_cmake.task.cmake.build:Building CMake package in '/home/ubuntu/arm_ws/src/arm_bot_controller'
[2.900s] INFO:colcon.colcon_core.shell:Skip shell extension 'powershell' for command environment: Not usable outside of PowerShell
[2.901s] DEBUG:colcon.colcon_core.shell:Skip shell extension 'dsv' for command environment
[2.926s] DEBUG:colcon.colcon_core.event_handler.log_command:Invoking command in '/home/ubuntu/arm_ws/build/arm_bot': CMAKE_PREFIX_PATH=${CMAKE_PREFIX_PATH}:/opt/ros/jazzy DEBUGINFOD_URLS=https://debuginfod.ubuntu.com /usr/bin/cmake --build /home/ubuntu/arm_ws/build/arm_bot -- -j12 -l12
[2.965s] DEBUG:colcon.colcon_core.event_handler.log_command:Invoking command in '/home/ubuntu/arm_ws/build/arm_bot_controller': CMAKE_PREFIX_PATH=${CMAKE_PREFIX_PATH}:/opt/ros/jazzy DEBUGINFOD_URLS=https://debuginfod.ubuntu.com /usr/bin/cmake --build /home/ubuntu/arm_ws/build/arm_bot_controller -- -j12 -l12
[3.620s] DEBUG:colcon.colcon_core.event_handler.log_command:Invoked command in '/home/ubuntu/arm_ws/build/arm_bot_controller' returned '0': CMAKE_PREFIX_PATH=${CMAKE_PREFIX_PATH}:/opt/ros/jazzy DEBUGINFOD_URLS=https://debuginfod.ubuntu.com /usr/bin/cmake --build /home/ubuntu/arm_ws/build/arm_bot_controller -- -j12 -l12
[3.664s] DEBUG:colcon.colcon_core.event_handler.log_command:Invoking command in '/home/ubuntu/arm_ws/build/arm_bot_controller': CMAKE_PREFIX_PATH=${CMAKE_PREFIX_PATH}:/opt/ros/jazzy DEBUGINFOD_URLS=https://debuginfod.ubuntu.com /usr/bin/cmake --install /home/ubuntu/arm_ws/build/arm_bot_controller
[3.666s] DEBUG:colcon.colcon_core.event_handler.log_command:Invoked command in '/home/ubuntu/arm_ws/build/arm_bot' returned '0': CMAKE_PREFIX_PATH=${CMAKE_PREFIX_PATH}:/opt/ros/jazzy DEBUGINFOD_URLS=https://debuginfod.ubuntu.com /usr/bin/cmake --build /home/ubuntu/arm_ws/build/arm_bot -- -j12 -l12
[3.678s] DEBUG:colcon.colcon_core.event_handler.log_command:Invoking command in '/home/ubuntu/arm_ws/build/arm_bot': CMAKE_PREFIX_PATH=${CMAKE_PREFIX_PATH}:/opt/ros/jazzy DEBUGINFOD_URLS=https://debuginfod.ubuntu.com /usr/bin/cmake --install /home/ubuntu/arm_ws/build/arm_bot
[3.739s] Level 1:colcon.colcon_core.environment:create_environment_scripts_only(arm_bot_controller)
[3.740s] DEBUG:colcon.colcon_core.event_handler.log_command:Invoked command in '/home/ubuntu/arm_ws/build/arm_bot_controller' returned '0': CMAKE_PREFIX_PATH=${CMAKE_PREFIX_PATH}:/opt/ros/jazzy DEBUGINFOD_URLS=https://debuginfod.ubuntu.com /usr/bin/cmake --install /home/ubuntu/arm_ws/build/arm_bot_controller
[3.785s] Level 1:colcon.colcon_core.environment:checking '/home/ubuntu/arm_ws/install/arm_bot_controller' for CMake module files
[3.786s] Level 1:colcon.colcon_core.environment:checking '/home/ubuntu/arm_ws/install/arm_bot_controller' for CMake config files
[3.786s] Level 1:colcon.colcon_core.shell:create_environment_hook('arm_bot_controller', 'cmake_prefix_path')
[3.786s] INFO:colcon.colcon_core.shell:Creating environment hook '/home/ubuntu/arm_ws/install/arm_bot_controller/share/arm_bot_controller/hook/cmake_prefix_path.ps1'
[3.791s] INFO:colcon.colcon_core.shell:Creating environment descriptor '/home/ubuntu/arm_ws/install/arm_bot_controller/share/arm_bot_controller/hook/cmake_prefix_path.dsv'
[3.793s] INFO:colcon.colcon_core.shell:Creating environment hook '/home/ubuntu/arm_ws/install/arm_bot_controller/share/arm_bot_controller/hook/cmake_prefix_path.sh'
[3.796s] Level 1:colcon.colcon_core.environment:checking '/home/ubuntu/arm_ws/install/arm_bot_controller/bin'
[3.796s] Level 1:colcon.colcon_core.environment:checking '/home/ubuntu/arm_ws/install/arm_bot_controller/lib/pkgconfig/arm_bot_controller.pc'
[3.797s] Level 1:colcon.colcon_core.environment:checking '/home/ubuntu/arm_ws/install/arm_bot_controller/lib/python3.12/site-packages'
[3.797s] Level 1:colcon.colcon_core.environment:checking '/home/ubuntu/arm_ws/install/arm_bot_controller/bin'
[3.797s] INFO:colcon.colcon_core.shell:Creating package script '/home/ubuntu/arm_ws/install/arm_bot_controller/share/arm_bot_controller/package.ps1'
[3.800s] INFO:colcon.colcon_core.shell:Creating package descriptor '/home/ubuntu/arm_ws/install/arm_bot_controller/share/arm_bot_controller/package.dsv'
[3.803s] INFO:colcon.colcon_core.shell:Creating package script '/home/ubuntu/arm_ws/install/arm_bot_controller/share/arm_bot_controller/package.sh'
[3.806s] INFO:colcon.colcon_core.shell:Creating package script '/home/ubuntu/arm_ws/install/arm_bot_controller/share/arm_bot_controller/package.bash'
[3.811s] INFO:colcon.colcon_core.shell:Creating package script '/home/ubuntu/arm_ws/install/arm_bot_controller/share/arm_bot_controller/package.zsh'
[3.815s] Level 1:colcon.colcon_core.environment:create_file_with_runtime_dependencies(/home/ubuntu/arm_ws/install/arm_bot_controller/share/colcon-core/packages/arm_bot_controller)
[3.816s] Level 1:colcon.colcon_core.environment:create_environment_scripts_only(arm_bot_controller)
[3.816s] Level 1:colcon.colcon_core.environment:checking '/home/ubuntu/arm_ws/install/arm_bot_controller' for CMake module files
[3.817s] Level 1:colcon.colcon_core.environment:checking '/home/ubuntu/arm_ws/install/arm_bot_controller' for CMake config files
[3.817s] Level 1:colcon.colcon_core.shell:create_environment_hook('arm_bot_controller', 'cmake_prefix_path')
[3.818s] INFO:colcon.colcon_core.shell:Creating environment hook '/home/ubuntu/arm_ws/install/arm_bot_controller/share/arm_bot_controller/hook/cmake_prefix_path.ps1'
[3.818s] INFO:colcon.colcon_core.shell:Creating environment descriptor '/home/ubuntu/arm_ws/install/arm_bot_controller/share/arm_bot_controller/hook/cmake_prefix_path.dsv'
[3.819s] INFO:colcon.colcon_core.shell:Creating environment hook '/home/ubuntu/arm_ws/install/arm_bot_controller/share/arm_bot_controller/hook/cmake_prefix_path.sh'
[3.819s] Level 1:colcon.colcon_core.environment:checking '/home/ubuntu/arm_ws/install/arm_bot_controller/bin'
[3.820s] Level 1:colcon.colcon_core.environment:checking '/home/ubuntu/arm_ws/install/arm_bot_controller/lib/pkgconfig/arm_bot_controller.pc'
[3.820s] Level 1:colcon.colcon_core.environment:checking '/home/ubuntu/arm_ws/install/arm_bot_controller/lib/python3.12/site-packages'
[3.820s] Level 1:colcon.colcon_core.environment:checking '/home/ubuntu/arm_ws/install/arm_bot_controller/bin'
[3.821s] INFO:colcon.colcon_core.shell:Creating package script '/home/ubuntu/arm_ws/install/arm_bot_controller/share/arm_bot_controller/package.ps1'
[3.821s] INFO:colcon.colcon_core.shell:Creating package descriptor '/home/ubuntu/arm_ws/install/arm_bot_controller/share/arm_bot_controller/package.dsv'
[3.822s] INFO:colcon.colcon_core.shell:Creating package script '/home/ubuntu/arm_ws/install/arm_bot_controller/share/arm_bot_controller/package.sh'
[3.822s] INFO:colcon.colcon_core.shell:Creating package script '/home/ubuntu/arm_ws/install/arm_bot_controller/share/arm_bot_controller/package.bash'
[3.823s] INFO:colcon.colcon_core.shell:Creating package script '/home/ubuntu/arm_ws/install/arm_bot_controller/share/arm_bot_controller/package.zsh'
[3.824s] Level 1:colcon.colcon_core.environment:create_file_with_runtime_dependencies(/home/ubuntu/arm_ws/install/arm_bot_controller/share/colcon-core/packages/arm_bot_controller)
[3.825s] Level 1:colcon.colcon_core.environment:create_environment_scripts_only(arm_bot)
[3.826s] Level 1:colcon.colcon_core.environment:checking '/home/ubuntu/arm_ws/install/arm_bot' for CMake module files
[3.828s] DEBUG:colcon.colcon_core.event_handler.log_command:Invoked command in '/home/ubuntu/arm_ws/build/arm_bot' returned '0': CMAKE_PREFIX_PATH=${CMAKE_PREFIX_PATH}:/opt/ros/jazzy DEBUGINFOD_URLS=https://debuginfod.ubuntu.com /usr/bin/cmake --install /home/ubuntu/arm_ws/build/arm_bot
[3.828s] Level 1:colcon.colcon_core.environment:checking '/home/ubuntu/arm_ws/install/arm_bot' for CMake config files
[3.829s] Level 1:colcon.colcon_core.shell:create_environment_hook('arm_bot', 'cmake_prefix_path')
[3.830s] INFO:colcon.colcon_core.shell:Creating environment hook '/home/ubuntu/arm_ws/install/arm_bot/share/arm_bot/hook/cmake_prefix_path.ps1'
[3.831s] INFO:colcon.colcon_core.shell:Creating environment descriptor '/home/ubuntu/arm_ws/install/arm_bot/share/arm_bot/hook/cmake_prefix_path.dsv'
[3.831s] INFO:colcon.colcon_core.shell:Creating environment hook '/home/ubuntu/arm_ws/install/arm_bot/share/arm_bot/hook/cmake_prefix_path.sh'
[3.832s] Level 1:colcon.colcon_core.environment:checking '/home/ubuntu/arm_ws/install/arm_bot/bin'
[3.832s] Level 1:colcon.colcon_core.environment:checking '/home/ubuntu/arm_ws/install/arm_bot/lib/pkgconfig/arm_bot.pc'
[3.833s] Level 1:colcon.colcon_core.environment:checking '/home/ubuntu/arm_ws/install/arm_bot/lib/python3.12/site-packages'
[3.833s] Level 1:colcon.colcon_core.environment:checking '/home/ubuntu/arm_ws/install/arm_bot/bin'
[3.834s] INFO:colcon.colcon_core.shell:Creating package script '/home/ubuntu/arm_ws/install/arm_bot/share/arm_bot/package.ps1'
[3.834s] INFO:colcon.colcon_core.shell:Creating package descriptor '/home/ubuntu/arm_ws/install/arm_bot/share/arm_bot/package.dsv'
[3.835s] INFO:colcon.colcon_core.shell:Creating package script '/home/ubuntu/arm_ws/install/arm_bot/share/arm_bot/package.sh'
[3.836s] INFO:colcon.colcon_core.shell:Creating package script '/home/ubuntu/arm_ws/install/arm_bot/share/arm_bot/package.bash'
[3.836s] INFO:colcon.colcon_core.shell:Creating package script '/home/ubuntu/arm_ws/install/arm_bot/share/arm_bot/package.zsh'
[3.836s] Level 1:colcon.colcon_core.environment:create_file_with_runtime_dependencies(/home/ubuntu/arm_ws/install/arm_bot/share/colcon-core/packages/arm_bot)
[3.837s] Level 1:colcon.colcon_core.environment:create_environment_scripts_only(arm_bot)
[3.837s] Level 1:colcon.colcon_core.environment:checking '/home/ubuntu/arm_ws/install/arm_bot' for CMake module files
[3.838s] Level 1:colcon.colcon_core.environment:checking '/home/ubuntu/arm_ws/install/arm_bot' for CMake config files
[3.839s] Level 1:colcon.colcon_core.shell:create_environment_hook('arm_bot', 'cmake_prefix_path')
[3.839s] INFO:colcon.colcon_core.shell:Creating environment hook '/home/ubuntu/arm_ws/install/arm_bot/share/arm_bot/hook/cmake_prefix_path.ps1'
[3.840s] INFO:colcon.colcon_core.shell:Creating environment descriptor '/home/ubuntu/arm_ws/install/arm_bot/share/arm_bot/hook/cmake_prefix_path.dsv'
[3.840s] INFO:colcon.colcon_core.shell:Creating environment hook '/home/ubuntu/arm_ws/install/arm_bot/share/arm_bot/hook/cmake_prefix_path.sh'
[3.841s] Level 1:colcon.colcon_core.environment:checking '/home/ubuntu/arm_ws/install/arm_bot/bin'
[3.841s] Level 1:colcon.colcon_core.environment:checking '/home/ubuntu/arm_ws/install/arm_bot/lib/pkgconfig/arm_bot.pc'
[3.842s] Level 1:colcon.colcon_core.environment:checking '/home/ubuntu/arm_ws/install/arm_bot/lib/python3.12/site-packages'
[3.842s] Level 1:colcon.colcon_core.environment:checking '/home/ubuntu/arm_ws/install/arm_bot/bin'
[3.842s] INFO:colcon.colcon_core.shell:Creating package script '/home/ubuntu/arm_ws/install/arm_bot/share/arm_bot/package.ps1'
[3.843s] INFO:colcon.colcon_core.shell:Creating package descriptor '/home/ubuntu/arm_ws/install/arm_bot/share/arm_bot/package.dsv'
[3.844s] INFO:colcon.colcon_core.shell:Creating package script '/home/ubuntu/arm_ws/install/arm_bot/share/arm_bot/package.sh'
[3.844s] INFO:colcon.colcon_core.shell:Creating package script '/home/ubuntu/arm_ws/install/arm_bot/share/arm_bot/package.bash'
[3.845s] INFO:colcon.colcon_core.shell:Creating package script '/home/ubuntu/arm_ws/install/arm_bot/share/arm_bot/package.zsh'
[3.846s] Level 1:colcon.colcon_core.environment:create_file_with_runtime_dependencies(/home/ubuntu/arm_ws/install/arm_bot/share/colcon-core/packages/arm_bot)
[3.846s] DEBUG:colcon.colcon_parallel_executor.executor.parallel:closing loop
[3.847s] DEBUG:colcon.colcon_parallel_executor.executor.parallel:loop closed
[3.847s] DEBUG:colcon.colcon_parallel_executor.executor.parallel:run_until_complete finished with '0'
[3.847s] DEBUG:colcon.colcon_core.event_reactor:joining thread
[3.892s] INFO:colcon.colcon_core.plugin_system:Skipping extension 'colcon_notification.desktop_notification.terminal_notifier': Not used on non-Darwin systems
[3.892s] INFO:colcon.colcon_core.plugin_system:Skipping extension 'colcon_notification.desktop_notification.win32': Not used on non-Windows systems
[3.892s] INFO:colcon.colcon_notification.desktop_notification:Sending desktop notification using 'notify2'
[3.936s] DEBUG:colcon.colcon_core.event_reactor:joined thread
[3.937s] INFO:colcon.colcon_core.shell:Creating prefix script '/home/ubuntu/arm_ws/install/local_setup.ps1'
[3.940s] INFO:colcon.colcon_core.shell:Creating prefix util module '/home/ubuntu/arm_ws/install/_local_setup_util_ps1.py'
[3.944s] INFO:colcon.colcon_core.shell:Creating prefix chain script '/home/ubuntu/arm_ws/install/setup.ps1'
[3.948s] INFO:colcon.colcon_core.shell:Creating prefix script '/home/ubuntu/arm_ws/install/local_setup.sh'
[3.951s] INFO:colcon.colcon_core.shell:Creating prefix util module '/home/ubuntu/arm_ws/install/_local_setup_util_sh.py'
[3.952s] INFO:colcon.colcon_core.shell:Creating prefix chain script '/home/ubuntu/arm_ws/install/setup.sh'
[3.955s] INFO:colcon.colcon_core.shell:Creating prefix script '/home/ubuntu/arm_ws/install/local_setup.bash'
[3.958s] INFO:colcon.colcon_core.shell:Creating prefix chain script '/home/ubuntu/arm_ws/install/setup.bash'
[3.962s] INFO:colcon.colcon_core.shell:Creating prefix script '/home/ubuntu/arm_ws/install/local_setup.zsh'
[3.965s] INFO:colcon.colcon_core.shell:Creating prefix chain script '/home/ubuntu/arm_ws/install/setup.zsh'
