[0.037s] Invoking command in '/home/ubuntu/arm_ws/build/arm_bot_controller': CMAKE_PREFIX_PATH=${CMAKE_PREFIX_PATH}:/opt/ros/jazzy DEBUGINFOD_URLS=https://debuginfod.ubuntu.com /usr/bin/cmake /home/ubuntu/arm_ws/src/arm_bot_controller -DCMAKE_INSTALL_PREFIX=/home/ubuntu/arm_ws/install/arm_bot_controller
[2.782s] -- The C compiler identification is GNU 13.3.0
[3.005s] -- The CXX compiler identification is GNU 13.3.0
[3.078s] -- Detecting C compiler ABI info
[3.418s] -- Detecting C compiler ABI info - done
[3.446s] -- Check for working C compiler: /usr/bin/cc - skipped
[3.449s] -- Detecting C compile features
[3.451s] -- Detecting C compile features - done
[3.486s] -- Detecting CXX compiler ABI info
[3.841s] -- Detecting CXX compiler ABI info - done
[3.870s] -- Check for working CXX compiler: /usr/bin/c++ - skipped
[3.871s] -- Detecting CXX compile features
[3.873s] -- Detecting CXX compile features - done
[4.453s] -- Found ament_cmake: 2.5.3 (/opt/ros/jazzy/share/ament_cmake/cmake)
[4.968s] -- Found Python3: /usr/bin/python3 (found version "3.12.3") found components: Interpreter 
[5.458s] -- Found ament_lint_auto: 0.17.1 (/opt/ros/jazzy/share/ament_lint_auto/cmake)
[5.862s] -- Added test 'lint_cmake' to check CMake code style
[5.870s] -- Added test 'xmllint' to check XML markup files
[5.878s] -- Configuring done (5.8s)
[5.898s] -- Generating done (0.0s)
[5.907s] -- Build files have been written to: /home/ubuntu/arm_ws/build/arm_bot_controller
[5.920s] Invoked command in '/home/ubuntu/arm_ws/build/arm_bot_controller' returned '0': CMAKE_PREFIX_PATH=${CMAKE_PREFIX_PATH}:/opt/ros/jazzy DEBUGINFOD_URLS=https://debuginfod.ubuntu.com /usr/bin/cmake /home/ubuntu/arm_ws/src/arm_bot_controller -DCMAKE_INSTALL_PREFIX=/home/ubuntu/arm_ws/install/arm_bot_controller
[5.922s] Invoking command in '/home/ubuntu/arm_ws/build/arm_bot_controller': CMAKE_PREFIX_PATH=${CMAKE_PREFIX_PATH}:/opt/ros/jazzy DEBUGINFOD_URLS=https://debuginfod.ubuntu.com /usr/bin/cmake --build /home/ubuntu/arm_ws/build/arm_bot_controller -- -j12 -l12
[6.077s] Invoked command in '/home/ubuntu/arm_ws/build/arm_bot_controller' returned '0': CMAKE_PREFIX_PATH=${CMAKE_PREFIX_PATH}:/opt/ros/jazzy DEBUGINFOD_URLS=https://debuginfod.ubuntu.com /usr/bin/cmake --build /home/ubuntu/arm_ws/build/arm_bot_controller -- -j12 -l12
[6.079s] Invoking command in '/home/ubuntu/arm_ws/build/arm_bot_controller': CMAKE_PREFIX_PATH=${CMAKE_PREFIX_PATH}:/opt/ros/jazzy DEBUGINFOD_URLS=https://debuginfod.ubuntu.com /usr/bin/cmake --install /home/ubuntu/arm_ws/build/arm_bot_controller
[6.110s] -- Install configuration: ""
[6.116s] -- Installing: /home/ubuntu/arm_ws/install/arm_bot_controller/share/ament_index/resource_index/package_run_dependencies/arm_bot_controller
[6.117s] -- Installing: /home/ubuntu/arm_ws/install/arm_bot_controller/share/ament_index/resource_index/parent_prefix_path/arm_bot_controller
[6.119s] -- Installing: /home/ubuntu/arm_ws/install/arm_bot_controller/share/arm_bot_controller/environment/ament_prefix_path.sh
[6.119s] -- Installing: /home/ubuntu/arm_ws/install/arm_bot_controller/share/arm_bot_controller/environment/ament_prefix_path.dsv
[6.120s] -- Installing: /home/ubuntu/arm_ws/install/arm_bot_controller/share/arm_bot_controller/environment/path.sh
[6.121s] -- Installing: /home/ubuntu/arm_ws/install/arm_bot_controller/share/arm_bot_controller/environment/path.dsv
[6.122s] -- Installing: /home/ubuntu/arm_ws/install/arm_bot_controller/share/arm_bot_controller/local_setup.bash
[6.123s] -- Installing: /home/ubuntu/arm_ws/install/arm_bot_controller/share/arm_bot_controller/local_setup.sh
[6.123s] -- Installing: /home/ubuntu/arm_ws/install/arm_bot_controller/share/arm_bot_controller/local_setup.zsh
[6.124s] -- Installing: /home/ubuntu/arm_ws/install/arm_bot_controller/share/arm_bot_controller/local_setup.dsv
[6.125s] -- Installing: /home/ubuntu/arm_ws/install/arm_bot_controller/share/arm_bot_controller/package.dsv
[6.129s] -- Installing: /home/ubuntu/arm_ws/install/arm_bot_controller/share/ament_index/resource_index/packages/arm_bot_controller
[6.130s] -- Installing: /home/ubuntu/arm_ws/install/arm_bot_controller/share/arm_bot_controller/cmake/arm_bot_controllerConfig.cmake
[6.131s] -- Installing: /home/ubuntu/arm_ws/install/arm_bot_controller/share/arm_bot_controller/cmake/arm_bot_controllerConfig-version.cmake
[6.131s] -- Installing: /home/ubuntu/arm_ws/install/arm_bot_controller/share/arm_bot_controller/package.xml
[6.138s] Invoked command in '/home/ubuntu/arm_ws/build/arm_bot_controller' returned '0': CMAKE_PREFIX_PATH=${CMAKE_PREFIX_PATH}:/opt/ros/jazzy DEBUGINFOD_URLS=https://debuginfod.ubuntu.com /usr/bin/cmake --install /home/ubuntu/arm_ws/build/arm_bot_controller
