[0.052s] Invoking command in '/home/ubuntu/arm_ws/build/arm_bot': CMAKE_PREFIX_PATH=${CMAKE_PREFIX_PATH}:/opt/ros/jazzy DEBUGINFOD_URLS=https://debuginfod.ubuntu.com /usr/bin/cmake /home/ubuntu/arm_ws/src/arm_bot -DCMAKE_INSTALL_PREFIX=/home/ubuntu/arm_ws/install/arm_bot
[0.213s] -- Found ament_cmake: 2.5.3 (/opt/ros/jazzy/share/ament_cmake/cmake)
[0.915s] -- Override CMake install command with custom implementation using symlinks instead of copying resources
[1.070s] -- Found ament_lint_auto: 0.17.1 (/opt/ros/jazzy/share/ament_lint_auto/cmake)
[1.428s] -- Added test 'copyright' to check source files copyright and LICENSE
[1.614s] -- Added test 'flake8' to check Python code syntax and style conventions
[1.614s] -- Configured 'flake8' exclude dirs and/or files: 
[1.630s] -- Added test 'lint_cmake' to check CMake code style
[1.644s] -- Added test 'pep257' to check Python code against some of the docstring style conventions in PEP 257
[1.714s] -- Added test 'xmllint' to check XML markup files
[1.727s] -- Configuring done (1.6s)
[1.775s] -- Generating done (0.0s)
[1.780s] -- Build files have been written to: /home/ubuntu/arm_ws/build/arm_bot
[1.789s] Invoked command in '/home/ubuntu/arm_ws/build/arm_bot' returned '0': CMAKE_PREFIX_PATH=${CMAKE_PREFIX_PATH}:/opt/ros/jazzy DEBUGINFOD_URLS=https://debuginfod.ubuntu.com /usr/bin/cmake /home/ubuntu/arm_ws/src/arm_bot -DCMAKE_INSTALL_PREFIX=/home/ubuntu/arm_ws/install/arm_bot
[1.792s] Invoking command in '/home/ubuntu/arm_ws/build/arm_bot': CMAKE_PREFIX_PATH=${CMAKE_PREFIX_PATH}:/opt/ros/jazzy DEBUGINFOD_URLS=https://debuginfod.ubuntu.com /usr/bin/cmake --build /home/ubuntu/arm_ws/build/arm_bot -- -j12 -l12
[1.954s] Invoked command in '/home/ubuntu/arm_ws/build/arm_bot' returned '0': CMAKE_PREFIX_PATH=${CMAKE_PREFIX_PATH}:/opt/ros/jazzy DEBUGINFOD_URLS=https://debuginfod.ubuntu.com /usr/bin/cmake --build /home/ubuntu/arm_ws/build/arm_bot -- -j12 -l12
[1.996s] Invoking command in '/home/ubuntu/arm_ws/build/arm_bot': CMAKE_PREFIX_PATH=${CMAKE_PREFIX_PATH}:/opt/ros/jazzy DEBUGINFOD_URLS=https://debuginfod.ubuntu.com /usr/bin/cmake --install /home/ubuntu/arm_ws/build/arm_bot
[2.024s] -- Install configuration: ""
[2.025s] -- Execute custom install script
[2.027s] -- Up-to-date symlink: /home/ubuntu/arm_ws/install/arm_bot/share/arm_bot/config/empty.yaml
[2.028s] -- Up-to-date symlink: /home/ubuntu/arm_ws/install/arm_bot/share/arm_bot/description/robot.urdf.xacro
[2.028s] -- Up-to-date symlink: /home/ubuntu/arm_ws/install/arm_bot/share/arm_bot/description/robot1.urdf
[2.028s] -- Up-to-date symlink: /home/ubuntu/arm_ws/install/arm_bot/share/arm_bot/description/robotCore.xacro
[2.029s] -- Up-to-date symlink: /home/ubuntu/arm_ws/install/arm_bot/share/arm_bot/description/robot_core.xacro
[2.029s] -- Symlinking: /home/ubuntu/arm_ws/install/arm_bot/share/arm_bot/launch/gazebo.launch.py
[2.065s] -- Up-to-date symlink: /home/ubuntu/arm_ws/install/arm_bot/share/arm_bot/launch/rsp.launch.py
[2.065s] -- Up-to-date symlink: /home/ubuntu/arm_ws/install/arm_bot/share/arm_bot/worlds/empty.world
[2.066s] -- Up-to-date symlink: /home/ubuntu/arm_ws/install/arm_bot/share/ament_index/resource_index/package_run_dependencies/arm_bot
[2.067s] -- Up-to-date symlink: /home/ubuntu/arm_ws/install/arm_bot/share/ament_index/resource_index/parent_prefix_path/arm_bot
[2.067s] -- Up-to-date symlink: /home/ubuntu/arm_ws/install/arm_bot/share/arm_bot/environment/ament_prefix_path.sh
[2.068s] -- Up-to-date symlink: /home/ubuntu/arm_ws/install/arm_bot/share/arm_bot/environment/ament_prefix_path.dsv
[2.068s] -- Up-to-date symlink: /home/ubuntu/arm_ws/install/arm_bot/share/arm_bot/environment/path.sh
[2.069s] -- Up-to-date symlink: /home/ubuntu/arm_ws/install/arm_bot/share/arm_bot/environment/path.dsv
[2.069s] -- Up-to-date symlink: /home/ubuntu/arm_ws/install/arm_bot/share/arm_bot/local_setup.bash
[2.070s] -- Up-to-date symlink: /home/ubuntu/arm_ws/install/arm_bot/share/arm_bot/local_setup.sh
[2.070s] -- Up-to-date symlink: /home/ubuntu/arm_ws/install/arm_bot/share/arm_bot/local_setup.zsh
[2.071s] -- Up-to-date symlink: /home/ubuntu/arm_ws/install/arm_bot/share/arm_bot/local_setup.dsv
[2.071s] -- Symlinking: /home/ubuntu/arm_ws/install/arm_bot/share/arm_bot/package.dsv
[2.106s] -- Up-to-date symlink: /home/ubuntu/arm_ws/install/arm_bot/share/ament_index/resource_index/packages/arm_bot
[2.106s] -- Up-to-date symlink: /home/ubuntu/arm_ws/install/arm_bot/share/arm_bot/cmake/arm_botConfig.cmake
[2.107s] -- Up-to-date symlink: /home/ubuntu/arm_ws/install/arm_bot/share/arm_bot/cmake/arm_botConfig-version.cmake
[2.107s] -- Up-to-date symlink: /home/ubuntu/arm_ws/install/arm_bot/share/arm_bot/package.xml
[2.114s] Invoked command in '/home/ubuntu/arm_ws/build/arm_bot' returned '0': CMAKE_PREFIX_PATH=${CMAKE_PREFIX_PATH}:/opt/ros/jazzy DEBUGINFOD_URLS=https://debuginfod.ubuntu.com /usr/bin/cmake --install /home/ubuntu/arm_ws/build/arm_bot
