[0.031s] Invoking command in '/home/ubuntu/arm_ws/build/arm_bot': CMAKE_PREFIX_PATH=${CMAKE_PREFIX_PATH}:/opt/ros/jazzy DEBUGINFOD_URLS=https://debuginfod.ubuntu.com /usr/bin/cmake --build /home/ubuntu/arm_ws/build/arm_bot -- -j12 -l12
[0.174s] Invoked command in '/home/ubuntu/arm_ws/build/arm_bot' returned '0': CMAKE_PREFIX_PATH=${CMAKE_PREFIX_PATH}:/opt/ros/jazzy DEBUGINFOD_URLS=https://debuginfod.ubuntu.com /usr/bin/cmake --build /home/ubuntu/arm_ws/build/arm_bot -- -j12 -l12
[0.210s] Invoking command in '/home/ubuntu/arm_ws/build/arm_bot': CMAKE_PREFIX_PATH=${CMAKE_PREFIX_PATH}:/opt/ros/jazzy DEBUGINFOD_URLS=https://debuginfod.ubuntu.com /usr/bin/cmake --install /home/ubuntu/arm_ws/build/arm_bot
[0.240s] -- Install configuration: ""
[0.241s] -- Execute custom install script
[0.242s] -- Up-to-date symlink: /home/ubuntu/arm_ws/install/arm_bot/share/arm_bot/config/empty.yaml
[0.244s] -- Up-to-date symlink: /home/ubuntu/arm_ws/install/arm_bot/share/arm_bot/description/arm_gazebo.xacro
[0.244s] -- Up-to-date symlink: /home/ubuntu/arm_ws/install/arm_bot/share/arm_bot/description/arm_ros2_control.xacro
[0.245s] -- Up-to-date symlink: /home/ubuntu/arm_ws/install/arm_bot/share/arm_bot/description/robot.urdf.xacro
[0.245s] -- Up-to-date symlink: /home/ubuntu/arm_ws/install/arm_bot/share/arm_bot/description/robot1.urdf
[0.246s] -- Up-to-date symlink: /home/ubuntu/arm_ws/install/arm_bot/share/arm_bot/launch/gazebo.launch.py
[0.247s] -- Up-to-date symlink: /home/ubuntu/arm_ws/install/arm_bot/share/arm_bot/launch/rsp.launch.py
[0.248s] -- Up-to-date symlink: /home/ubuntu/arm_ws/install/arm_bot/share/arm_bot/worlds/empty.world
[0.249s] -- Up-to-date symlink: /home/ubuntu/arm_ws/install/arm_bot/share/ament_index/resource_index/package_run_dependencies/arm_bot
[0.250s] -- Up-to-date symlink: /home/ubuntu/arm_ws/install/arm_bot/share/ament_index/resource_index/parent_prefix_path/arm_bot
[0.251s] -- Up-to-date symlink: /home/ubuntu/arm_ws/install/arm_bot/share/arm_bot/environment/ament_prefix_path.sh
[0.251s] -- Up-to-date symlink: /home/ubuntu/arm_ws/install/arm_bot/share/arm_bot/environment/ament_prefix_path.dsv
[0.252s] -- Up-to-date symlink: /home/ubuntu/arm_ws/install/arm_bot/share/arm_bot/environment/path.sh
[0.253s] -- Up-to-date symlink: /home/ubuntu/arm_ws/install/arm_bot/share/arm_bot/environment/path.dsv
[0.254s] -- Up-to-date symlink: /home/ubuntu/arm_ws/install/arm_bot/share/arm_bot/local_setup.bash
[0.254s] -- Up-to-date symlink: /home/ubuntu/arm_ws/install/arm_bot/share/arm_bot/local_setup.sh
[0.255s] -- Up-to-date symlink: /home/ubuntu/arm_ws/install/arm_bot/share/arm_bot/local_setup.zsh
[0.256s] -- Up-to-date symlink: /home/ubuntu/arm_ws/install/arm_bot/share/arm_bot/local_setup.dsv
[0.256s] -- Symlinking: /home/ubuntu/arm_ws/install/arm_bot/share/arm_bot/package.dsv
[0.293s] -- Up-to-date symlink: /home/ubuntu/arm_ws/install/arm_bot/share/ament_index/resource_index/packages/arm_bot
[0.294s] -- Up-to-date symlink: /home/ubuntu/arm_ws/install/arm_bot/share/arm_bot/cmake/arm_botConfig.cmake
[0.294s] -- Up-to-date symlink: /home/ubuntu/arm_ws/install/arm_bot/share/arm_bot/cmake/arm_botConfig-version.cmake
[0.295s] -- Up-to-date symlink: /home/ubuntu/arm_ws/install/arm_bot/share/arm_bot/package.xml
[0.302s] Invoked command in '/home/ubuntu/arm_ws/build/arm_bot' returned '0': CMAKE_PREFIX_PATH=${CMAKE_PREFIX_PATH}:/opt/ros/jazzy DEBUGINFOD_URLS=https://debuginfod.ubuntu.com /usr/bin/cmake --install /home/ubuntu/arm_ws/build/arm_bot
