[0.037s] Invoking command in '/home/ubuntu/arm_ws/build/arm_bot': CMAKE_PREFIX_PATH=${CMAKE_PREFIX_PATH}:/opt/ros/jazzy DEBUGINFOD_URLS=https://debuginfod.ubuntu.com /usr/bin/cmake --build /home/ubuntu/arm_ws/build/arm_bot -- -j12 -l12
[0.077s] -- Found ament_cmake: 2.5.3 (/opt/ros/jazzy/share/ament_cmake/cmake)
[0.299s] -- Override CMake install command with custom implementation using symlinks instead of copying resources
[0.308s] -- Found ament_lint_auto: 0.17.1 (/opt/ros/jazzy/share/ament_lint_auto/cmake)
[0.511s] -- Added test 'copyright' to check source files copyright and LICENSE
[0.630s] -- Added test 'cppcheck' to perform static code analysis on C / C++ code
[0.630s] -- Configured cppcheck include dirs: 
[0.630s] -- Configured cppcheck exclude dirs and/or files: 
[0.772s] -- Added test 'cpplint' to check C / C++ code against the Google style
[0.772s] -- Configured cpplint exclude dirs and/or files: 
[0.790s] -- Added test 'flake8' to check Python code syntax and style conventions
[0.790s] -- Configured 'flake8' exclude dirs and/or files: 
[0.824s] -- Added test 'lint_cmake' to check CMake code style
[0.845s] -- Added test 'pep257' to check Python code against some of the docstring style conventions in PEP 257
[0.962s] -- Added test 'uncrustify' to check C / C++ code style
[0.963s] -- Configured uncrustify additional arguments: 
[0.980s] -- Added test 'xmllint' to check XML markup files
[0.982s] -- Configuring done (0.9s)
[1.068s] -- Generating done (0.1s)
[1.070s] -- Build files have been written to: /home/ubuntu/arm_ws/build/arm_bot
[1.106s] Invoked command in '/home/ubuntu/arm_ws/build/arm_bot' returned '0': CMAKE_PREFIX_PATH=${CMAKE_PREFIX_PATH}:/opt/ros/jazzy DEBUGINFOD_URLS=https://debuginfod.ubuntu.com /usr/bin/cmake --build /home/ubuntu/arm_ws/build/arm_bot -- -j12 -l12
[1.111s] Invoking command in '/home/ubuntu/arm_ws/build/arm_bot': CMAKE_PREFIX_PATH=${CMAKE_PREFIX_PATH}:/opt/ros/jazzy DEBUGINFOD_URLS=https://debuginfod.ubuntu.com /usr/bin/cmake --install /home/ubuntu/arm_ws/build/arm_bot
[1.122s] -- Install configuration: ""
[1.122s] -- Execute custom install script
[1.123s] [31mCMake Error at ament_cmake_symlink_install/ament_cmake_symlink_install.cmake:100 (message):
[1.123s]   ament_cmake_symlink_install_directory() can't find
[1.123s]   '/home/ubuntu/arm_ws/src/arm_bot/config'
[1.123s] Call Stack (most recent call first):
[1.123s]   ament_cmake_symlink_install/ament_cmake_symlink_install.cmake:314 (ament_cmake_symlink_install_directory)
[1.123s]   cmake_install.cmake:46 (include)
[1.123s] 
[1.123s] [0m
[1.124s] Invoked command in '/home/ubuntu/arm_ws/build/arm_bot' returned '1': CMAKE_PREFIX_PATH=${CMAKE_PREFIX_PATH}:/opt/ros/jazzy DEBUGINFOD_URLS=https://debuginfod.ubuntu.com /usr/bin/cmake --install /home/ubuntu/arm_ws/build/arm_bot
