[0.033s] Invoking command in '/home/ubuntu/arm_ws/build/arm_bot_controller': CMAKE_PREFIX_PATH=${CMAKE_PREFIX_PATH}:/opt/ros/jazzy DEBUGINFOD_URLS=https://debuginfod.ubuntu.com /usr/bin/cmake --build /home/ubuntu/arm_ws/build/arm_bot_controller -- -j12 -l12
[0.114s] -- Found ament_cmake: 2.5.3 (/opt/ros/jazzy/share/ament_cmake/cmake)
[0.708s] -- Found ament_lint_auto: 0.17.1 (/opt/ros/jazzy/share/ament_lint_auto/cmake)
[0.964s] -- Added test 'lint_cmake' to check CMake code style
[0.968s] -- Added test 'xmllint' to check XML markup files
[0.971s] -- Configuring done (0.9s)
[0.983s] -- Generating done (0.0s)
[0.989s] -- Build files have been written to: /home/ubuntu/arm_ws/build/arm_bot_controller
[1.069s] Invoked command in '/home/ubuntu/arm_ws/build/arm_bot_controller' returned '0': CMAKE_PREFIX_PATH=${CMAKE_PREFIX_PATH}:/opt/ros/jazzy DEBUGINFOD_URLS=https://debuginfod.ubuntu.com /usr/bin/cmake --build /home/ubuntu/arm_ws/build/arm_bot_controller -- -j12 -l12
[1.105s] Invoking command in '/home/ubuntu/arm_ws/build/arm_bot_controller': CMAKE_PREFIX_PATH=${CMAKE_PREFIX_PATH}:/opt/ros/jazzy DEBUGINFOD_URLS=https://debuginfod.ubuntu.com /usr/bin/cmake --install /home/ubuntu/arm_ws/build/arm_bot_controller
[1.134s] -- Install configuration: ""
[1.134s] -- Installing: /home/ubuntu/arm_ws/install/arm_bot_controller/share/arm_bot_controller/config
[1.135s] -- Installing: /home/ubuntu/arm_ws/install/arm_bot_controller/share/arm_bot_controller/config/arm_bot_controllers.yml
[1.136s] -- Up-to-date: /home/ubuntu/arm_ws/install/arm_bot_controller/share/ament_index/resource_index/package_run_dependencies/arm_bot_controller
[1.137s] -- Installing: /home/ubuntu/arm_ws/install/arm_bot_controller/share/ament_index/resource_index/parent_prefix_path/arm_bot_controller
[1.138s] -- Up-to-date: /home/ubuntu/arm_ws/install/arm_bot_controller/share/arm_bot_controller/environment/ament_prefix_path.sh
[1.138s] -- Up-to-date: /home/ubuntu/arm_ws/install/arm_bot_controller/share/arm_bot_controller/environment/ament_prefix_path.dsv
[1.139s] -- Up-to-date: /home/ubuntu/arm_ws/install/arm_bot_controller/share/arm_bot_controller/environment/path.sh
[1.139s] -- Up-to-date: /home/ubuntu/arm_ws/install/arm_bot_controller/share/arm_bot_controller/environment/path.dsv
[1.139s] -- Up-to-date: /home/ubuntu/arm_ws/install/arm_bot_controller/share/arm_bot_controller/local_setup.bash
[1.139s] -- Up-to-date: /home/ubuntu/arm_ws/install/arm_bot_controller/share/arm_bot_controller/local_setup.sh
[1.140s] -- Up-to-date: /home/ubuntu/arm_ws/install/arm_bot_controller/share/arm_bot_controller/local_setup.zsh
[1.140s] -- Up-to-date: /home/ubuntu/arm_ws/install/arm_bot_controller/share/arm_bot_controller/local_setup.dsv
[1.140s] -- Up-to-date: /home/ubuntu/arm_ws/install/arm_bot_controller/share/arm_bot_controller/package.dsv
[1.141s] -- Up-to-date: /home/ubuntu/arm_ws/install/arm_bot_controller/share/ament_index/resource_index/packages/arm_bot_controller
[1.141s] -- Up-to-date: /home/ubuntu/arm_ws/install/arm_bot_controller/share/arm_bot_controller/cmake/arm_bot_controllerConfig.cmake
[1.141s] -- Up-to-date: /home/ubuntu/arm_ws/install/arm_bot_controller/share/arm_bot_controller/cmake/arm_bot_controllerConfig-version.cmake
[1.141s] -- Up-to-date: /home/ubuntu/arm_ws/install/arm_bot_controller/share/arm_bot_controller/package.xml
[1.147s] Invoked command in '/home/ubuntu/arm_ws/build/arm_bot_controller' returned '0': CMAKE_PREFIX_PATH=${CMAKE_PREFIX_PATH}:/opt/ros/jazzy DEBUGINFOD_URLS=https://debuginfod.ubuntu.com /usr/bin/cmake --install /home/ubuntu/arm_ws/build/arm_bot_controller
