[0.285s] DEBUG:colcon:Command line arguments: ['/usr/bin/colcon', 'build']
[0.285s] DEBUG:colcon:Parsed command line arguments: Namespace(log_base=None, log_level=None, verb_name='build', build_base='build', install_base='install', merge_install=False, symlink_install=False, test_result_base=None, continue_on_error=False, executor='parallel', parallel_workers=12, event_handlers=None, ignore_user_meta=False, metas=['./colcon.meta'], base_paths=['.'], packages_ignore=None, packages_ignore_regex=None, paths=None, packages_up_to=None, packages_up_to_regex=None, packages_above=None, packages_above_and_dependencies=None, packages_above_depth=None, packages_select_by_dep=None, packages_skip_by_dep=None, packages_skip_up_to=None, packages_select_build_failed=False, packages_skip_build_finished=False, packages_select_test_failures=False, packages_skip_test_passed=False, packages_select=None, packages_skip=None, packages_select_regex=None, packages_skip_regex=None, packages_start=None, packages_end=None, allow_overriding=[], cmake_args=None, cmake_target=None, cmake_target_skip_unavailable=False, cmake_clean_cache=False, cmake_clean_first=False, cmake_force_configure=False, ament_cmake_args=None, catkin_cmake_args=None, catkin_skip_building_tests=False, mixin_files=None, mixin=None, verb_parser=<colcon_mixin.mixin.mixin_argument.MixinArgumentDecorator object at 0x7f993e5dd220>, verb_extension=<colcon_core.verb.build.BuildVerb object at 0x7f993e703dd0>, main=<bound method BuildVerb.main of <colcon_core.verb.build.BuildVerb object at 0x7f993e703dd0>>, mixin_verb=('build',))
[0.387s] Level 1:colcon.colcon_core.package_discovery:discover_packages(colcon_meta) check parameters
[0.388s] Level 1:colcon.colcon_core.package_discovery:discover_packages(recursive) check parameters
[0.388s] Level 1:colcon.colcon_core.package_discovery:discover_packages(ignore) check parameters
[0.388s] Level 1:colcon.colcon_core.package_discovery:discover_packages(path) check parameters
[0.388s] Level 1:colcon.colcon_core.package_discovery:discover_packages(colcon_meta) discover
[0.388s] Level 1:colcon.colcon_core.package_discovery:discover_packages(recursive) discover
[0.388s] INFO:colcon.colcon_core.package_discovery:Crawling recursively for packages in '/home/ubuntu/arm_ws'
[0.388s] Level 1:colcon.colcon_core.package_identification:_identify(.) by extensions ['ignore', 'ignore_ament_install']
[0.388s] Level 1:colcon.colcon_core.package_identification:_identify(.) by extension 'ignore'
[0.389s] Level 1:colcon.colcon_core.package_identification:_identify(.) by extension 'ignore_ament_install'
[0.389s] Level 1:colcon.colcon_core.package_identification:_identify(.) by extensions ['colcon_pkg']
[0.389s] Level 1:colcon.colcon_core.package_identification:_identify(.) by extension 'colcon_pkg'
[0.389s] Level 1:colcon.colcon_core.package_identification:_identify(.) by extensions ['colcon_meta']
[0.389s] Level 1:colcon.colcon_core.package_identification:_identify(.) by extension 'colcon_meta'
[0.389s] Level 1:colcon.colcon_core.package_identification:_identify(.) by extensions ['ros']
[0.389s] Level 1:colcon.colcon_core.package_identification:_identify(.) by extension 'ros'
[0.456s] Level 1:colcon.colcon_core.package_identification:_identify(.) by extensions ['cmake', 'python']
[0.456s] Level 1:colcon.colcon_core.package_identification:_identify(.) by extension 'cmake'
[0.456s] Level 1:colcon.colcon_core.package_identification:_identify(.) by extension 'python'
[0.456s] Level 1:colcon.colcon_core.package_identification:_identify(.) by extensions ['python_setup_py']
[0.456s] Level 1:colcon.colcon_core.package_identification:_identify(.) by extension 'python_setup_py'
[0.457s] Level 1:colcon.colcon_core.package_identification:_identify(build) by extensions ['ignore', 'ignore_ament_install']
[0.457s] Level 1:colcon.colcon_core.package_identification:_identify(build) by extension 'ignore'
[0.457s] Level 1:colcon.colcon_core.package_identification:_identify(build) ignored
[0.458s] Level 1:colcon.colcon_core.package_identification:_identify(install) by extensions ['ignore', 'ignore_ament_install']
[0.458s] Level 1:colcon.colcon_core.package_identification:_identify(install) by extension 'ignore'
[0.458s] Level 1:colcon.colcon_core.package_identification:_identify(install) ignored
[0.458s] Level 1:colcon.colcon_core.package_identification:_identify(log) by extensions ['ignore', 'ignore_ament_install']
[0.458s] Level 1:colcon.colcon_core.package_identification:_identify(log) by extension 'ignore'
[0.459s] Level 1:colcon.colcon_core.package_identification:_identify(log) ignored
[0.459s] Level 1:colcon.colcon_core.package_identification:_identify(src) by extensions ['ignore', 'ignore_ament_install']
[0.459s] Level 1:colcon.colcon_core.package_identification:_identify(src) by extension 'ignore'
[0.459s] Level 1:colcon.colcon_core.package_identification:_identify(src) by extension 'ignore_ament_install'
[0.459s] Level 1:colcon.colcon_core.package_identification:_identify(src) by extensions ['colcon_pkg']
[0.459s] Level 1:colcon.colcon_core.package_identification:_identify(src) by extension 'colcon_pkg'
[0.459s] Level 1:colcon.colcon_core.package_identification:_identify(src) by extensions ['colcon_meta']
[0.459s] Level 1:colcon.colcon_core.package_identification:_identify(src) by extension 'colcon_meta'
[0.460s] Level 1:colcon.colcon_core.package_identification:_identify(src) by extensions ['ros']
[0.460s] Level 1:colcon.colcon_core.package_identification:_identify(src) by extension 'ros'
[0.460s] Level 1:colcon.colcon_core.package_identification:_identify(src) by extensions ['cmake', 'python']
[0.460s] Level 1:colcon.colcon_core.package_identification:_identify(src) by extension 'cmake'
[0.460s] Level 1:colcon.colcon_core.package_identification:_identify(src) by extension 'python'
[0.460s] Level 1:colcon.colcon_core.package_identification:_identify(src) by extensions ['python_setup_py']
[0.460s] Level 1:colcon.colcon_core.package_identification:_identify(src) by extension 'python_setup_py'
[0.460s] Level 1:colcon.colcon_core.package_identification:_identify(src/arm_bot) by extensions ['ignore', 'ignore_ament_install']
[0.461s] Level 1:colcon.colcon_core.package_identification:_identify(src/arm_bot) by extension 'ignore'
[0.461s] Level 1:colcon.colcon_core.package_identification:_identify(src/arm_bot) by extension 'ignore_ament_install'
[0.461s] Level 1:colcon.colcon_core.package_identification:_identify(src/arm_bot) by extensions ['colcon_pkg']
[0.461s] Level 1:colcon.colcon_core.package_identification:_identify(src/arm_bot) by extension 'colcon_pkg'
[0.461s] Level 1:colcon.colcon_core.package_identification:_identify(src/arm_bot) by extensions ['colcon_meta']
[0.461s] Level 1:colcon.colcon_core.package_identification:_identify(src/arm_bot) by extension 'colcon_meta'
[0.461s] Level 1:colcon.colcon_core.package_identification:_identify(src/arm_bot) by extensions ['ros']
[0.461s] Level 1:colcon.colcon_core.package_identification:_identify(src/arm_bot) by extension 'ros'
[0.473s] DEBUG:colcon.colcon_core.package_identification:Package 'src/arm_bot' with type 'ros.ament_cmake' and name 'arm_bot'
[0.473s] Level 1:colcon.colcon_core.package_identification:_identify(src/arm_bot_controller) by extensions ['ignore', 'ignore_ament_install']
[0.473s] Level 1:colcon.colcon_core.package_identification:_identify(src/arm_bot_controller) by extension 'ignore'
[0.473s] Level 1:colcon.colcon_core.package_identification:_identify(src/arm_bot_controller) by extension 'ignore_ament_install'
[0.474s] Level 1:colcon.colcon_core.package_identification:_identify(src/arm_bot_controller) by extensions ['colcon_pkg']
[0.474s] Level 1:colcon.colcon_core.package_identification:_identify(src/arm_bot_controller) by extension 'colcon_pkg'
[0.474s] Level 1:colcon.colcon_core.package_identification:_identify(src/arm_bot_controller) by extensions ['colcon_meta']
[0.474s] Level 1:colcon.colcon_core.package_identification:_identify(src/arm_bot_controller) by extension 'colcon_meta'
[0.474s] Level 1:colcon.colcon_core.package_identification:_identify(src/arm_bot_controller) by extensions ['ros']
[0.474s] Level 1:colcon.colcon_core.package_identification:_identify(src/arm_bot_controller) by extension 'ros'
[0.475s] DEBUG:colcon.colcon_core.package_identification:Package 'src/arm_bot_controller' with type 'ros.ament_cmake' and name 'arm_bot_controller'
[0.475s] Level 1:colcon.colcon_core.package_discovery:discover_packages(recursive) using defaults
[0.476s] Level 1:colcon.colcon_core.package_discovery:discover_packages(ignore) discover
[0.476s] Level 1:colcon.colcon_core.package_discovery:discover_packages(ignore) using defaults
[0.476s] Level 1:colcon.colcon_core.package_discovery:discover_packages(path) discover
[0.476s] Level 1:colcon.colcon_core.package_discovery:discover_packages(path) using defaults
[0.519s] Level 1:colcon.colcon_core.package_discovery:discover_packages(prefix_path) check parameters
[0.519s] Level 1:colcon.colcon_core.package_discovery:discover_packages(prefix_path) discover
[0.523s] DEBUG:colcon.colcon_installed_package_information.package_discovery:Found 2 installed packages in /home/ubuntu/arm_ws/install
[0.530s] DEBUG:colcon.colcon_installed_package_information.package_discovery:Found 426 installed packages in /opt/ros/jazzy
[0.535s] Level 1:colcon.colcon_core.package_discovery:discover_packages(prefix_path) using defaults
[0.686s] Level 5:colcon.colcon_core.verb:set package 'arm_bot' build argument 'cmake_args' from command line to 'None'
[0.686s] Level 5:colcon.colcon_core.verb:set package 'arm_bot' build argument 'cmake_target' from command line to 'None'
[0.686s] Level 5:colcon.colcon_core.verb:set package 'arm_bot' build argument 'cmake_target_skip_unavailable' from command line to 'False'
[0.686s] Level 5:colcon.colcon_core.verb:set package 'arm_bot' build argument 'cmake_clean_cache' from command line to 'False'
[0.686s] Level 5:colcon.colcon_core.verb:set package 'arm_bot' build argument 'cmake_clean_first' from command line to 'False'
[0.687s] Level 5:colcon.colcon_core.verb:set package 'arm_bot' build argument 'cmake_force_configure' from command line to 'False'
[0.687s] Level 5:colcon.colcon_core.verb:set package 'arm_bot' build argument 'ament_cmake_args' from command line to 'None'
[0.687s] Level 5:colcon.colcon_core.verb:set package 'arm_bot' build argument 'catkin_cmake_args' from command line to 'None'
[0.687s] Level 5:colcon.colcon_core.verb:set package 'arm_bot' build argument 'catkin_skip_building_tests' from command line to 'False'
[0.687s] DEBUG:colcon.colcon_core.verb:Building package 'arm_bot' with the following arguments: {'ament_cmake_args': None, 'build_base': '/home/ubuntu/arm_ws/build/arm_bot', 'catkin_cmake_args': None, 'catkin_skip_building_tests': False, 'cmake_args': None, 'cmake_clean_cache': False, 'cmake_clean_first': False, 'cmake_force_configure': False, 'cmake_target': None, 'cmake_target_skip_unavailable': False, 'install_base': '/home/ubuntu/arm_ws/install/arm_bot', 'merge_install': False, 'path': '/home/ubuntu/arm_ws/src/arm_bot', 'symlink_install': False, 'test_result_base': None}
[0.687s] Level 5:colcon.colcon_core.verb:set package 'arm_bot_controller' build argument 'cmake_args' from command line to 'None'
[0.688s] Level 5:colcon.colcon_core.verb:set package 'arm_bot_controller' build argument 'cmake_target' from command line to 'None'
[0.688s] Level 5:colcon.colcon_core.verb:set package 'arm_bot_controller' build argument 'cmake_target_skip_unavailable' from command line to 'False'
[0.688s] Level 5:colcon.colcon_core.verb:set package 'arm_bot_controller' build argument 'cmake_clean_cache' from command line to 'False'
[0.688s] Level 5:colcon.colcon_core.verb:set package 'arm_bot_controller' build argument 'cmake_clean_first' from command line to 'False'
[0.688s] Level 5:colcon.colcon_core.verb:set package 'arm_bot_controller' build argument 'cmake_force_configure' from command line to 'False'
[0.688s] Level 5:colcon.colcon_core.verb:set package 'arm_bot_controller' build argument 'ament_cmake_args' from command line to 'None'
[0.688s] Level 5:colcon.colcon_core.verb:set package 'arm_bot_controller' build argument 'catkin_cmake_args' from command line to 'None'
[0.688s] Level 5:colcon.colcon_core.verb:set package 'arm_bot_controller' build argument 'catkin_skip_building_tests' from command line to 'False'
[0.688s] DEBUG:colcon.colcon_core.verb:Building package 'arm_bot_controller' with the following arguments: {'ament_cmake_args': None, 'build_base': '/home/ubuntu/arm_ws/build/arm_bot_controller', 'catkin_cmake_args': None, 'catkin_skip_building_tests': False, 'cmake_args': None, 'cmake_clean_cache': False, 'cmake_clean_first': False, 'cmake_force_configure': False, 'cmake_target': None, 'cmake_target_skip_unavailable': False, 'install_base': '/home/ubuntu/arm_ws/install/arm_bot_controller', 'merge_install': False, 'path': '/home/ubuntu/arm_ws/src/arm_bot_controller', 'symlink_install': False, 'test_result_base': None}
[0.688s] INFO:colcon.colcon_core.executor:Executing jobs using 'parallel' executor
[0.690s] DEBUG:colcon.colcon_parallel_executor.executor.parallel:run_until_complete
[0.691s] INFO:colcon.colcon_ros.task.ament_cmake.build:Building ROS package in '/home/ubuntu/arm_ws/src/arm_bot' with build type 'ament_cmake'
[0.691s] INFO:colcon.colcon_cmake.task.cmake.build:Building CMake package in '/home/ubuntu/arm_ws/src/arm_bot'
[0.697s] INFO:colcon.colcon_core.plugin_system:Skipping extension 'colcon_core.shell.bat': Not used on non-Windows systems
[0.697s] INFO:colcon.colcon_core.shell:Skip shell extension 'powershell' for command environment: Not usable outside of PowerShell
[0.697s] DEBUG:colcon.colcon_core.shell:Skip shell extension 'dsv' for command environment
[0.710s] INFO:colcon.colcon_ros.task.ament_cmake.build:Building ROS package in '/home/ubuntu/arm_ws/src/arm_bot_controller' with build type 'ament_cmake'
[0.710s] INFO:colcon.colcon_cmake.task.cmake.build:Building CMake package in '/home/ubuntu/arm_ws/src/arm_bot_controller'
[0.711s] INFO:colcon.colcon_core.shell:Skip shell extension 'powershell' for command environment: Not usable outside of PowerShell
[0.711s] DEBUG:colcon.colcon_core.shell:Skip shell extension 'dsv' for command environment
[0.734s] DEBUG:colcon.colcon_core.event_handler.log_command:Invoking command in '/home/ubuntu/arm_ws/build/arm_bot': CMAKE_PREFIX_PATH=${CMAKE_PREFIX_PATH}:/opt/ros/jazzy DEBUGINFOD_URLS=https://debuginfod.ubuntu.com /usr/bin/cmake --build /home/ubuntu/arm_ws/build/arm_bot -- -j12 -l12
[0.745s] DEBUG:colcon.colcon_core.event_handler.log_command:Invoking command in '/home/ubuntu/arm_ws/build/arm_bot_controller': CMAKE_PREFIX_PATH=${CMAKE_PREFIX_PATH}:/opt/ros/jazzy DEBUGINFOD_URLS=https://debuginfod.ubuntu.com /usr/bin/cmake --build /home/ubuntu/arm_ws/build/arm_bot_controller -- -j12 -l12
[0.880s] DEBUG:colcon.colcon_core.event_handler.log_command:Invoked command in '/home/ubuntu/arm_ws/build/arm_bot' returned '0': CMAKE_PREFIX_PATH=${CMAKE_PREFIX_PATH}:/opt/ros/jazzy DEBUGINFOD_URLS=https://debuginfod.ubuntu.com /usr/bin/cmake --build /home/ubuntu/arm_ws/build/arm_bot -- -j12 -l12
[0.917s] DEBUG:colcon.colcon_core.event_handler.log_command:Invoking command in '/home/ubuntu/arm_ws/build/arm_bot': CMAKE_PREFIX_PATH=${CMAKE_PREFIX_PATH}:/opt/ros/jazzy DEBUGINFOD_URLS=https://debuginfod.ubuntu.com /usr/bin/cmake --install /home/ubuntu/arm_ws/build/arm_bot
[0.920s] DEBUG:colcon.colcon_core.event_handler.log_command:Invoked command in '/home/ubuntu/arm_ws/build/arm_bot_controller' returned '0': CMAKE_PREFIX_PATH=${CMAKE_PREFIX_PATH}:/opt/ros/jazzy DEBUGINFOD_URLS=https://debuginfod.ubuntu.com /usr/bin/cmake --build /home/ubuntu/arm_ws/build/arm_bot_controller -- -j12 -l12
[0.922s] DEBUG:colcon.colcon_core.event_handler.log_command:Invoking command in '/home/ubuntu/arm_ws/build/arm_bot_controller': CMAKE_PREFIX_PATH=${CMAKE_PREFIX_PATH}:/opt/ros/jazzy DEBUGINFOD_URLS=https://debuginfod.ubuntu.com /usr/bin/cmake --install /home/ubuntu/arm_ws/build/arm_bot_controller
[0.962s] Level 1:colcon.colcon_core.environment:create_environment_scripts_only(arm_bot_controller)
[0.963s] DEBUG:colcon.colcon_core.event_handler.log_command:Invoked command in '/home/ubuntu/arm_ws/build/arm_bot_controller' returned '0': CMAKE_PREFIX_PATH=${CMAKE_PREFIX_PATH}:/opt/ros/jazzy DEBUGINFOD_URLS=https://debuginfod.ubuntu.com /usr/bin/cmake --install /home/ubuntu/arm_ws/build/arm_bot_controller
[0.969s] Level 1:colcon.colcon_core.environment:checking '/home/ubuntu/arm_ws/install/arm_bot_controller' for CMake module files
[0.970s] Level 1:colcon.colcon_core.environment:checking '/home/ubuntu/arm_ws/install/arm_bot_controller' for CMake config files
[0.971s] Level 1:colcon.colcon_core.shell:create_environment_hook('arm_bot_controller', 'cmake_prefix_path')
[0.971s] INFO:colcon.colcon_core.shell:Creating environment hook '/home/ubuntu/arm_ws/install/arm_bot_controller/share/arm_bot_controller/hook/cmake_prefix_path.ps1'
[0.972s] INFO:colcon.colcon_core.shell:Creating environment descriptor '/home/ubuntu/arm_ws/install/arm_bot_controller/share/arm_bot_controller/hook/cmake_prefix_path.dsv'
[0.973s] INFO:colcon.colcon_core.shell:Creating environment hook '/home/ubuntu/arm_ws/install/arm_bot_controller/share/arm_bot_controller/hook/cmake_prefix_path.sh'
[0.975s] Level 1:colcon.colcon_core.environment:checking '/home/ubuntu/arm_ws/install/arm_bot_controller/bin'
[0.976s] Level 1:colcon.colcon_core.environment:checking '/home/ubuntu/arm_ws/install/arm_bot_controller/lib/pkgconfig/arm_bot_controller.pc'
[0.976s] Level 1:colcon.colcon_core.environment:checking '/home/ubuntu/arm_ws/install/arm_bot_controller/lib/python3.12/site-packages'
[0.977s] Level 1:colcon.colcon_core.environment:checking '/home/ubuntu/arm_ws/install/arm_bot_controller/bin'
[0.977s] INFO:colcon.colcon_core.shell:Creating package script '/home/ubuntu/arm_ws/install/arm_bot_controller/share/arm_bot_controller/package.ps1'
[0.979s] INFO:colcon.colcon_core.shell:Creating package descriptor '/home/ubuntu/arm_ws/install/arm_bot_controller/share/arm_bot_controller/package.dsv'
[0.980s] INFO:colcon.colcon_core.shell:Creating package script '/home/ubuntu/arm_ws/install/arm_bot_controller/share/arm_bot_controller/package.sh'
[0.981s] INFO:colcon.colcon_core.shell:Creating package script '/home/ubuntu/arm_ws/install/arm_bot_controller/share/arm_bot_controller/package.bash'
[0.983s] INFO:colcon.colcon_core.shell:Creating package script '/home/ubuntu/arm_ws/install/arm_bot_controller/share/arm_bot_controller/package.zsh'
[0.984s] Level 1:colcon.colcon_core.environment:create_file_with_runtime_dependencies(/home/ubuntu/arm_ws/install/arm_bot_controller/share/colcon-core/packages/arm_bot_controller)
[0.986s] Level 1:colcon.colcon_core.environment:create_environment_scripts_only(arm_bot_controller)
[0.986s] Level 1:colcon.colcon_core.environment:checking '/home/ubuntu/arm_ws/install/arm_bot_controller' for CMake module files
[0.987s] Level 1:colcon.colcon_core.environment:checking '/home/ubuntu/arm_ws/install/arm_bot_controller' for CMake config files
[0.988s] Level 1:colcon.colcon_core.shell:create_environment_hook('arm_bot_controller', 'cmake_prefix_path')
[0.988s] INFO:colcon.colcon_core.shell:Creating environment hook '/home/ubuntu/arm_ws/install/arm_bot_controller/share/arm_bot_controller/hook/cmake_prefix_path.ps1'
[0.989s] INFO:colcon.colcon_core.shell:Creating environment descriptor '/home/ubuntu/arm_ws/install/arm_bot_controller/share/arm_bot_controller/hook/cmake_prefix_path.dsv'
[0.990s] INFO:colcon.colcon_core.shell:Creating environment hook '/home/ubuntu/arm_ws/install/arm_bot_controller/share/arm_bot_controller/hook/cmake_prefix_path.sh'
[0.992s] Level 1:colcon.colcon_core.environment:checking '/home/ubuntu/arm_ws/install/arm_bot_controller/bin'
[0.992s] Level 1:colcon.colcon_core.environment:checking '/home/ubuntu/arm_ws/install/arm_bot_controller/lib/pkgconfig/arm_bot_controller.pc'
[0.993s] Level 1:colcon.colcon_core.environment:checking '/home/ubuntu/arm_ws/install/arm_bot_controller/lib/python3.12/site-packages'
[0.993s] Level 1:colcon.colcon_core.environment:checking '/home/ubuntu/arm_ws/install/arm_bot_controller/bin'
[0.994s] INFO:colcon.colcon_core.shell:Creating package script '/home/ubuntu/arm_ws/install/arm_bot_controller/share/arm_bot_controller/package.ps1'
[0.997s] INFO:colcon.colcon_core.shell:Creating package descriptor '/home/ubuntu/arm_ws/install/arm_bot_controller/share/arm_bot_controller/package.dsv'
[0.999s] INFO:colcon.colcon_core.shell:Creating package script '/home/ubuntu/arm_ws/install/arm_bot_controller/share/arm_bot_controller/package.sh'
[1.000s] INFO:colcon.colcon_core.shell:Creating package script '/home/ubuntu/arm_ws/install/arm_bot_controller/share/arm_bot_controller/package.bash'
[1.001s] INFO:colcon.colcon_core.shell:Creating package script '/home/ubuntu/arm_ws/install/arm_bot_controller/share/arm_bot_controller/package.zsh'
[1.002s] Level 1:colcon.colcon_core.environment:create_file_with_runtime_dependencies(/home/ubuntu/arm_ws/install/arm_bot_controller/share/colcon-core/packages/arm_bot_controller)
[1.004s] Level 1:colcon.colcon_core.environment:create_environment_scripts_only(arm_bot)
[1.005s] Level 1:colcon.colcon_core.environment:checking '/home/ubuntu/arm_ws/install/arm_bot' for CMake module files
[1.006s] DEBUG:colcon.colcon_core.event_handler.log_command:Invoked command in '/home/ubuntu/arm_ws/build/arm_bot' returned '0': CMAKE_PREFIX_PATH=${CMAKE_PREFIX_PATH}:/opt/ros/jazzy DEBUGINFOD_URLS=https://debuginfod.ubuntu.com /usr/bin/cmake --install /home/ubuntu/arm_ws/build/arm_bot
[1.007s] Level 1:colcon.colcon_core.environment:checking '/home/ubuntu/arm_ws/install/arm_bot' for CMake config files
[1.009s] Level 1:colcon.colcon_core.shell:create_environment_hook('arm_bot', 'cmake_prefix_path')
[1.009s] INFO:colcon.colcon_core.shell:Creating environment hook '/home/ubuntu/arm_ws/install/arm_bot/share/arm_bot/hook/cmake_prefix_path.ps1'
[1.011s] INFO:colcon.colcon_core.shell:Creating environment descriptor '/home/ubuntu/arm_ws/install/arm_bot/share/arm_bot/hook/cmake_prefix_path.dsv'
[1.012s] INFO:colcon.colcon_core.shell:Creating environment hook '/home/ubuntu/arm_ws/install/arm_bot/share/arm_bot/hook/cmake_prefix_path.sh'
[1.013s] Level 1:colcon.colcon_core.environment:checking '/home/ubuntu/arm_ws/install/arm_bot/bin'
[1.013s] Level 1:colcon.colcon_core.environment:checking '/home/ubuntu/arm_ws/install/arm_bot/lib/pkgconfig/arm_bot.pc'
[1.014s] Level 1:colcon.colcon_core.environment:checking '/home/ubuntu/arm_ws/install/arm_bot/lib/python3.12/site-packages'
[1.014s] Level 1:colcon.colcon_core.environment:checking '/home/ubuntu/arm_ws/install/arm_bot/bin'
[1.015s] INFO:colcon.colcon_core.shell:Creating package script '/home/ubuntu/arm_ws/install/arm_bot/share/arm_bot/package.ps1'
[1.016s] INFO:colcon.colcon_core.shell:Creating package descriptor '/home/ubuntu/arm_ws/install/arm_bot/share/arm_bot/package.dsv'
[1.017s] INFO:colcon.colcon_core.shell:Creating package script '/home/ubuntu/arm_ws/install/arm_bot/share/arm_bot/package.sh'
[1.018s] INFO:colcon.colcon_core.shell:Creating package script '/home/ubuntu/arm_ws/install/arm_bot/share/arm_bot/package.bash'
[1.019s] INFO:colcon.colcon_core.shell:Creating package script '/home/ubuntu/arm_ws/install/arm_bot/share/arm_bot/package.zsh'
[1.020s] Level 1:colcon.colcon_core.environment:create_file_with_runtime_dependencies(/home/ubuntu/arm_ws/install/arm_bot/share/colcon-core/packages/arm_bot)
[1.021s] Level 1:colcon.colcon_core.environment:create_environment_scripts_only(arm_bot)
[1.021s] Level 1:colcon.colcon_core.environment:checking '/home/ubuntu/arm_ws/install/arm_bot' for CMake module files
[1.023s] Level 1:colcon.colcon_core.environment:checking '/home/ubuntu/arm_ws/install/arm_bot' for CMake config files
[1.024s] Level 1:colcon.colcon_core.shell:create_environment_hook('arm_bot', 'cmake_prefix_path')
[1.025s] INFO:colcon.colcon_core.shell:Creating environment hook '/home/ubuntu/arm_ws/install/arm_bot/share/arm_bot/hook/cmake_prefix_path.ps1'
[1.026s] INFO:colcon.colcon_core.shell:Creating environment descriptor '/home/ubuntu/arm_ws/install/arm_bot/share/arm_bot/hook/cmake_prefix_path.dsv'
[1.026s] INFO:colcon.colcon_core.shell:Creating environment hook '/home/ubuntu/arm_ws/install/arm_bot/share/arm_bot/hook/cmake_prefix_path.sh'
[1.028s] Level 1:colcon.colcon_core.environment:checking '/home/ubuntu/arm_ws/install/arm_bot/bin'
[1.028s] Level 1:colcon.colcon_core.environment:checking '/home/ubuntu/arm_ws/install/arm_bot/lib/pkgconfig/arm_bot.pc'
[1.028s] Level 1:colcon.colcon_core.environment:checking '/home/ubuntu/arm_ws/install/arm_bot/lib/python3.12/site-packages'
[1.029s] Level 1:colcon.colcon_core.environment:checking '/home/ubuntu/arm_ws/install/arm_bot/bin'
[1.030s] INFO:colcon.colcon_core.shell:Creating package script '/home/ubuntu/arm_ws/install/arm_bot/share/arm_bot/package.ps1'
[1.031s] INFO:colcon.colcon_core.shell:Creating package descriptor '/home/ubuntu/arm_ws/install/arm_bot/share/arm_bot/package.dsv'
[1.032s] INFO:colcon.colcon_core.shell:Creating package script '/home/ubuntu/arm_ws/install/arm_bot/share/arm_bot/package.sh'
[1.033s] INFO:colcon.colcon_core.shell:Creating package script '/home/ubuntu/arm_ws/install/arm_bot/share/arm_bot/package.bash'
[1.034s] INFO:colcon.colcon_core.shell:Creating package script '/home/ubuntu/arm_ws/install/arm_bot/share/arm_bot/package.zsh'
[1.034s] Level 1:colcon.colcon_core.environment:create_file_with_runtime_dependencies(/home/ubuntu/arm_ws/install/arm_bot/share/colcon-core/packages/arm_bot)
[1.035s] DEBUG:colcon.colcon_parallel_executor.executor.parallel:closing loop
[1.036s] DEBUG:colcon.colcon_parallel_executor.executor.parallel:loop closed
[1.036s] DEBUG:colcon.colcon_parallel_executor.executor.parallel:run_until_complete finished with '0'
[1.036s] DEBUG:colcon.colcon_core.event_reactor:joining thread
[1.052s] INFO:colcon.colcon_core.plugin_system:Skipping extension 'colcon_notification.desktop_notification.terminal_notifier': Not used on non-Darwin systems
[1.052s] INFO:colcon.colcon_core.plugin_system:Skipping extension 'colcon_notification.desktop_notification.win32': Not used on non-Windows systems
[1.053s] INFO:colcon.colcon_notification.desktop_notification:Sending desktop notification using 'notify2'
[1.085s] DEBUG:colcon.colcon_core.event_reactor:joined thread
[1.085s] INFO:colcon.colcon_core.shell:Creating prefix script '/home/ubuntu/arm_ws/install/local_setup.ps1'
[1.087s] INFO:colcon.colcon_core.shell:Creating prefix util module '/home/ubuntu/arm_ws/install/_local_setup_util_ps1.py'
[1.090s] INFO:colcon.colcon_core.shell:Creating prefix chain script '/home/ubuntu/arm_ws/install/setup.ps1'
[1.092s] INFO:colcon.colcon_core.shell:Creating prefix script '/home/ubuntu/arm_ws/install/local_setup.sh'
[1.093s] INFO:colcon.colcon_core.shell:Creating prefix util module '/home/ubuntu/arm_ws/install/_local_setup_util_sh.py'
[1.095s] INFO:colcon.colcon_core.shell:Creating prefix chain script '/home/ubuntu/arm_ws/install/setup.sh'
[1.098s] INFO:colcon.colcon_core.shell:Creating prefix script '/home/ubuntu/arm_ws/install/local_setup.bash'
[1.099s] INFO:colcon.colcon_core.shell:Creating prefix chain script '/home/ubuntu/arm_ws/install/setup.bash'
[1.101s] INFO:colcon.colcon_core.shell:Creating prefix script '/home/ubuntu/arm_ws/install/local_setup.zsh'
[1.103s] INFO:colcon.colcon_core.shell:Creating prefix chain script '/home/ubuntu/arm_ws/install/setup.zsh'
