[0.012s] Invoking command in '/home/ubuntu/arm_ws/build/arm_bot': CMAKE_PREFIX_PATH=${CMAKE_PREFIX_PATH}:/opt/ros/jazzy DEBUGINFOD_URLS=https://debuginfod.ubuntu.com /usr/bin/cmake /home/ubuntu/arm_ws/src/arm_bot -DAMENT_CMAKE_SYMLINK_INSTALL=1 -DCMAKE_INSTALL_PREFIX=/home/ubuntu/arm_ws/install/arm_bot
[1.210s] -- The C compiler identification is GNU 13.3.0
[2.090s] -- The CXX compiler identification is GNU 13.3.0
[2.183s] -- Detecting C compiler ABI info
[2.394s] -- Detecting C compiler ABI info - done
[2.403s] -- Check for working C compiler: /usr/bin/cc - skipped
[2.406s] -- Detecting C compile features
[2.408s] -- Detecting C compile features - done
[2.435s] -- Detecting CXX compiler ABI info
[2.604s] -- Detecting CXX compiler ABI info - done
[2.613s] -- Check for working CXX compiler: /usr/bin/c++ - skipped
[2.613s] -- Detecting CXX compile features
[2.614s] -- Detecting CXX compile features - done
[2.670s] -- Found ament_cmake: 2.5.3 (/opt/ros/jazzy/share/ament_cmake/cmake)
[2.918s] -- Found Python3: /usr/bin/python3 (found version "3.12.3") found components: Interpreter 
[3.067s] -- Override CMake install command with custom implementation using symlinks instead of copying resources
[3.274s] -- Found ament_lint_auto: 0.17.1 (/opt/ros/jazzy/share/ament_lint_auto/cmake)
[3.503s] -- Added test 'copyright' to check source files copyright and LICENSE
[3.769s] -- Added test 'flake8' to check Python code syntax and style conventions
[3.769s] -- Configured 'flake8' exclude dirs and/or files: 
[3.777s] -- Added test 'lint_cmake' to check CMake code style
[3.781s] -- Added test 'pep257' to check Python code against some of the docstring style conventions in PEP 257
[3.810s] -- Added test 'xmllint' to check XML markup files
[3.817s] -- Configuring done (3.8s)
[3.823s] -- Generating done (0.0s)
[3.824s] -- Build files have been written to: /home/ubuntu/arm_ws/build/arm_bot
[3.830s] Invoked command in '/home/ubuntu/arm_ws/build/arm_bot' returned '0': CMAKE_PREFIX_PATH=${CMAKE_PREFIX_PATH}:/opt/ros/jazzy DEBUGINFOD_URLS=https://debuginfod.ubuntu.com /usr/bin/cmake /home/ubuntu/arm_ws/src/arm_bot -DAMENT_CMAKE_SYMLINK_INSTALL=1 -DCMAKE_INSTALL_PREFIX=/home/ubuntu/arm_ws/install/arm_bot
[3.832s] Invoking command in '/home/ubuntu/arm_ws/build/arm_bot': CMAKE_PREFIX_PATH=${CMAKE_PREFIX_PATH}:/opt/ros/jazzy DEBUGINFOD_URLS=https://debuginfod.ubuntu.com /usr/bin/cmake --build /home/ubuntu/arm_ws/build/arm_bot -- -j12 -l12
[3.890s] Invoked command in '/home/ubuntu/arm_ws/build/arm_bot' returned '0': CMAKE_PREFIX_PATH=${CMAKE_PREFIX_PATH}:/opt/ros/jazzy DEBUGINFOD_URLS=https://debuginfod.ubuntu.com /usr/bin/cmake --build /home/ubuntu/arm_ws/build/arm_bot -- -j12 -l12
[3.904s] Invoking command in '/home/ubuntu/arm_ws/build/arm_bot': CMAKE_PREFIX_PATH=${CMAKE_PREFIX_PATH}:/opt/ros/jazzy DEBUGINFOD_URLS=https://debuginfod.ubuntu.com /usr/bin/cmake --install /home/ubuntu/arm_ws/build/arm_bot
[3.914s] -- Install configuration: ""
[3.915s] -- Execute custom install script
[3.915s] -- Symlinking: /home/ubuntu/arm_ws/install/arm_bot/share/arm_bot/config/empty.yaml
[3.930s] -- Symlinking: /home/ubuntu/arm_ws/install/arm_bot/share/arm_bot/description/robot.urdf.xacro
[3.944s] -- Symlinking: /home/ubuntu/arm_ws/install/arm_bot/share/arm_bot/description/robot1.urdf
[3.957s] -- Symlinking: /home/ubuntu/arm_ws/install/arm_bot/share/arm_bot/description/robotCore.xacro
[3.969s] -- Symlinking: /home/ubuntu/arm_ws/install/arm_bot/share/arm_bot/description/robot_core.xacro
[3.983s] -- Symlinking: /home/ubuntu/arm_ws/install/arm_bot/share/arm_bot/launch/rsp.launch.py
[3.996s] -- Symlinking: /home/ubuntu/arm_ws/install/arm_bot/share/arm_bot/worlds/empty.world
[4.009s] -- Symlinking: /home/ubuntu/arm_ws/install/arm_bot/share/ament_index/resource_index/package_run_dependencies/arm_bot
[4.022s] -- Symlinking: /home/ubuntu/arm_ws/install/arm_bot/share/ament_index/resource_index/parent_prefix_path/arm_bot
[4.036s] -- Symlinking: /home/ubuntu/arm_ws/install/arm_bot/share/arm_bot/environment/ament_prefix_path.sh
[4.049s] -- Symlinking: /home/ubuntu/arm_ws/install/arm_bot/share/arm_bot/environment/ament_prefix_path.dsv
[4.062s] -- Symlinking: /home/ubuntu/arm_ws/install/arm_bot/share/arm_bot/environment/path.sh
[4.075s] -- Symlinking: /home/ubuntu/arm_ws/install/arm_bot/share/arm_bot/environment/path.dsv
[4.088s] -- Symlinking: /home/ubuntu/arm_ws/install/arm_bot/share/arm_bot/local_setup.bash
[4.101s] -- Symlinking: /home/ubuntu/arm_ws/install/arm_bot/share/arm_bot/local_setup.sh
[4.114s] -- Symlinking: /home/ubuntu/arm_ws/install/arm_bot/share/arm_bot/local_setup.zsh
[4.128s] -- Symlinking: /home/ubuntu/arm_ws/install/arm_bot/share/arm_bot/local_setup.dsv
[4.142s] -- Symlinking: /home/ubuntu/arm_ws/install/arm_bot/share/arm_bot/package.dsv
[4.155s] -- Symlinking: /home/ubuntu/arm_ws/install/arm_bot/share/ament_index/resource_index/packages/arm_bot
[4.169s] -- Symlinking: /home/ubuntu/arm_ws/install/arm_bot/share/arm_bot/cmake/arm_botConfig.cmake
[4.183s] -- Symlinking: /home/ubuntu/arm_ws/install/arm_bot/share/arm_bot/cmake/arm_botConfig-version.cmake
[4.196s] -- Symlinking: /home/ubuntu/arm_ws/install/arm_bot/share/arm_bot/package.xml
[4.213s] Invoked command in '/home/ubuntu/arm_ws/build/arm_bot' returned '0': CMAKE_PREFIX_PATH=${CMAKE_PREFIX_PATH}:/opt/ros/jazzy DEBUGINFOD_URLS=https://debuginfod.ubuntu.com /usr/bin/cmake --install /home/ubuntu/arm_ws/build/arm_bot
