[0.013s] Invoking command in '/home/ubuntu/arm_ws/build/arm_bot': DEBUGINFOD_URLS=https://debuginfod.ubuntu.com /usr/bin/cmake --build /home/ubuntu/arm_ws/build/arm_bot -- -j12 -l12
[0.046s] -- Found ament_cmake: 2.5.3 (/opt/ros/jazzy/share/ament_cmake/cmake)
[0.261s] -- Override CMake install command with custom implementation using symlinks instead of copying resources
[0.269s] -- Found ament_lint_auto: 0.17.1 (/opt/ros/jazzy/share/ament_lint_auto/cmake)
[0.269s] [0mCMake Error: File /home/ubuntu/arm_ws/src/arm_bot/package.xml does not exist.[0m
[0.269s] [31mCMake Error at /opt/ros/jazzy/share/ament_cmake_core/cmake/core/stamp.cmake:24 (configure_file):
[0.269s]   configure_file Problem configuring file
[0.269s] Call Stack (most recent call first):
[0.270s]   /opt/ros/jazzy/share/ament_cmake_core/cmake/core/ament_package_xml.cmake:73 (stamp)
[0.270s]   /opt/ros/jazzy/share/ament_cmake_core/cmake/core/ament_package_xml.cmake:49 (_ament_package_xml)
[0.270s]   /opt/ros/jazzy/share/ament_lint_auto/cmake/ament_lint_auto_find_test_dependencies.cmake:31 (ament_package_xml)
[0.270s]   CMakeLists.txt:23 (ament_lint_auto_find_test_dependencies)
[0.270s] 
[0.270s] [0m
[0.270s] [0mCMake Error: File /home/ubuntu/arm_ws/src/arm_bot/package.xml does not exist.[0m
[0.270s] [31mCMake Error at /opt/ros/jazzy/share/ament_cmake_core/cmake/core/stamp.cmake:24 (configure_file):
[0.270s]   configure_file Problem configuring file
[0.270s] Call Stack (most recent call first):
[0.270s]   /opt/ros/jazzy/share/ament_cmake_core/cmake/core/ament_package_xml.cmake:73 (stamp)
[0.270s]   /opt/ros/jazzy/share/ament_cmake_core/cmake/core/ament_package_xml.cmake:49 (_ament_package_xml)
[0.270s]   /opt/ros/jazzy/share/ament_cmake_core/cmake/core/ament_package.cmake:63 (ament_package_xml)
[0.270s]   CMakeLists.txt:31 (ament_package)
[0.270s] 
[0.271s] [0m
[0.274s] -- Configuring incomplete, errors occurred!
[0.277s] gmake: *** [Makefile:226: cmake_check_build_system] Error 1
[0.280s] Invoked command in '/home/ubuntu/arm_ws/build/arm_bot' returned '2': DEBUGINFOD_URLS=https://debuginfod.ubuntu.com /usr/bin/cmake --build /home/ubuntu/arm_ws/build/arm_bot -- -j12 -l12
