[0.012s] Invoking command in '/home/ubuntu/arm_ws/build/arm_bot_controller': CMAKE_PREFIX_PATH=${CMAKE_PREFIX_PATH}:/opt/ros/jazzy DEBUGINFOD_URLS=https://debuginfod.ubuntu.com /usr/bin/cmake --build /home/ubuntu/arm_ws/build/arm_bot_controller -- -j12 -l12
[0.082s] Invoked command in '/home/ubuntu/arm_ws/build/arm_bot_controller' returned '0': CMAKE_PREFIX_PATH=${CMAKE_PREFIX_PATH}:/opt/ros/jazzy DEBUGINFOD_URLS=https://debuginfod.ubuntu.com /usr/bin/cmake --build /home/ubuntu/arm_ws/build/arm_bot_controller -- -j12 -l12
[0.083s] Invoking command in '/home/ubuntu/arm_ws/build/arm_bot_controller': CMAKE_PREFIX_PATH=${CMAKE_PREFIX_PATH}:/opt/ros/jazzy DEBUGINFOD_URLS=https://debuginfod.ubuntu.com /usr/bin/cmake --install /home/ubuntu/arm_ws/build/arm_bot_controller
[0.095s] -- Install configuration: ""
[0.095s] -- Up-to-date: /home/ubuntu/arm_ws/install/arm_bot_controller/share/arm_bot_controller/config
[0.095s] -- Up-to-date: /home/ubuntu/arm_ws/install/arm_bot_controller/share/arm_bot_controller/config/arm_bot_controllers.yml
[0.095s] -- Up-to-date: /home/ubuntu/arm_ws/install/arm_bot_controller/share/ament_index/resource_index/package_run_dependencies/arm_bot_controller
[0.096s] -- Up-to-date: /home/ubuntu/arm_ws/install/arm_bot_controller/share/ament_index/resource_index/parent_prefix_path/arm_bot_controller
[0.096s] -- Up-to-date: /home/ubuntu/arm_ws/install/arm_bot_controller/share/arm_bot_controller/environment/ament_prefix_path.sh
[0.096s] -- Up-to-date: /home/ubuntu/arm_ws/install/arm_bot_controller/share/arm_bot_controller/environment/ament_prefix_path.dsv
[0.096s] -- Up-to-date: /home/ubuntu/arm_ws/install/arm_bot_controller/share/arm_bot_controller/environment/path.sh
[0.096s] -- Up-to-date: /home/ubuntu/arm_ws/install/arm_bot_controller/share/arm_bot_controller/environment/path.dsv
[0.097s] -- Up-to-date: /home/ubuntu/arm_ws/install/arm_bot_controller/share/arm_bot_controller/local_setup.bash
[0.097s] -- Up-to-date: /home/ubuntu/arm_ws/install/arm_bot_controller/share/arm_bot_controller/local_setup.sh
[0.097s] -- Up-to-date: /home/ubuntu/arm_ws/install/arm_bot_controller/share/arm_bot_controller/local_setup.zsh
[0.097s] -- Up-to-date: /home/ubuntu/arm_ws/install/arm_bot_controller/share/arm_bot_controller/local_setup.dsv
[0.097s] -- Installing: /home/ubuntu/arm_ws/install/arm_bot_controller/share/arm_bot_controller/package.dsv
[0.098s] -- Up-to-date: /home/ubuntu/arm_ws/install/arm_bot_controller/share/ament_index/resource_index/packages/arm_bot_controller
[0.098s] -- Up-to-date: /home/ubuntu/arm_ws/install/arm_bot_controller/share/arm_bot_controller/cmake/arm_bot_controllerConfig.cmake
[0.098s] -- Up-to-date: /home/ubuntu/arm_ws/install/arm_bot_controller/share/arm_bot_controller/cmake/arm_bot_controllerConfig-version.cmake
[0.098s] -- Up-to-date: /home/ubuntu/arm_ws/install/arm_bot_controller/share/arm_bot_controller/package.xml
[0.099s] Invoked command in '/home/ubuntu/arm_ws/build/arm_bot_controller' returned '0': CMAKE_PREFIX_PATH=${CMAKE_PREFIX_PATH}:/opt/ros/jazzy DEBUGINFOD_URLS=https://debuginfod.ubuntu.com /usr/bin/cmake --install /home/ubuntu/arm_ws/build/arm_bot_controller
