[0.194s] DEBUG:colcon:Command line arguments: ['/usr/bin/colcon', 'build']
[0.194s] DEBUG:colcon:Parsed command line arguments: Namespace(log_base=None, log_level=None, verb_name='build', build_base='build', install_base='install', merge_install=False, symlink_install=False, test_result_base=None, continue_on_error=False, executor='parallel', parallel_workers=12, event_handlers=None, ignore_user_meta=False, metas=['./colcon.meta'], base_paths=['.'], packages_ignore=None, packages_ignore_regex=None, paths=None, packages_up_to=None, packages_up_to_regex=None, packages_above=None, packages_above_and_dependencies=None, packages_above_depth=None, packages_select_by_dep=None, packages_skip_by_dep=None, packages_skip_up_to=None, packages_select_build_failed=False, packages_skip_build_finished=False, packages_select_test_failures=False, packages_skip_test_passed=False, packages_select=None, packages_skip=None, packages_select_regex=None, packages_skip_regex=None, packages_start=None, packages_end=None, allow_overriding=[], cmake_args=None, cmake_target=None, cmake_target_skip_unavailable=False, cmake_clean_cache=False, cmake_clean_first=False, cmake_force_configure=False, ament_cmake_args=None, catkin_cmake_args=None, catkin_skip_building_tests=False, mixin_files=None, mixin=None, verb_parser=<colcon_mixin.mixin.mixin_argument.MixinArgumentDecorator object at 0x7aaa28265340>, verb_extension=<colcon_core.verb.build.BuildVerb object at 0x7aaa28264590>, main=<bound method BuildVerb.main of <colcon_core.verb.build.BuildVerb object at 0x7aaa28264590>>, mixin_verb=('build',))
[0.267s] Level 1:colcon.colcon_core.package_discovery:discover_packages(colcon_meta) check parameters
[0.268s] Level 1:colcon.colcon_core.package_discovery:discover_packages(recursive) check parameters
[0.268s] Level 1:colcon.colcon_core.package_discovery:discover_packages(ignore) check parameters
[0.268s] Level 1:colcon.colcon_core.package_discovery:discover_packages(path) check parameters
[0.268s] Level 1:colcon.colcon_core.package_discovery:discover_packages(colcon_meta) discover
[0.268s] Level 1:colcon.colcon_core.package_discovery:discover_packages(recursive) discover
[0.268s] INFO:colcon.colcon_core.package_discovery:Crawling recursively for packages in '/home/ubuntu/arm_ws'
[0.268s] Level 1:colcon.colcon_core.package_identification:_identify(.) by extensions ['ignore', 'ignore_ament_install']
[0.268s] Level 1:colcon.colcon_core.package_identification:_identify(.) by extension 'ignore'
[0.268s] Level 1:colcon.colcon_core.package_identification:_identify(.) by extension 'ignore_ament_install'
[0.268s] Level 1:colcon.colcon_core.package_identification:_identify(.) by extensions ['colcon_pkg']
[0.268s] Level 1:colcon.colcon_core.package_identification:_identify(.) by extension 'colcon_pkg'
[0.269s] Level 1:colcon.colcon_core.package_identification:_identify(.) by extensions ['colcon_meta']
[0.269s] Level 1:colcon.colcon_core.package_identification:_identify(.) by extension 'colcon_meta'
[0.269s] Level 1:colcon.colcon_core.package_identification:_identify(.) by extensions ['ros']
[0.269s] Level 1:colcon.colcon_core.package_identification:_identify(.) by extension 'ros'
[0.318s] Level 1:colcon.colcon_core.package_identification:_identify(.) by extensions ['cmake', 'python']
[0.318s] Level 1:colcon.colcon_core.package_identification:_identify(.) by extension 'cmake'
[0.318s] Level 1:colcon.colcon_core.package_identification:_identify(.) by extension 'python'
[0.318s] Level 1:colcon.colcon_core.package_identification:_identify(.) by extensions ['python_setup_py']
[0.318s] Level 1:colcon.colcon_core.package_identification:_identify(.) by extension 'python_setup_py'
[0.318s] Level 1:colcon.colcon_core.package_identification:_identify(build) by extensions ['ignore', 'ignore_ament_install']
[0.318s] Level 1:colcon.colcon_core.package_identification:_identify(build) by extension 'ignore'
[0.319s] Level 1:colcon.colcon_core.package_identification:_identify(build) ignored
[0.319s] Level 1:colcon.colcon_core.package_identification:_identify(install) by extensions ['ignore', 'ignore_ament_install']
[0.319s] Level 1:colcon.colcon_core.package_identification:_identify(install) by extension 'ignore'
[0.319s] Level 1:colcon.colcon_core.package_identification:_identify(install) ignored
[0.319s] Level 1:colcon.colcon_core.package_identification:_identify(log) by extensions ['ignore', 'ignore_ament_install']
[0.319s] Level 1:colcon.colcon_core.package_identification:_identify(log) by extension 'ignore'
[0.320s] Level 1:colcon.colcon_core.package_identification:_identify(log) ignored
[0.320s] Level 1:colcon.colcon_core.package_identification:_identify(src) by extensions ['ignore', 'ignore_ament_install']
[0.320s] Level 1:colcon.colcon_core.package_identification:_identify(src) by extension 'ignore'
[0.320s] Level 1:colcon.colcon_core.package_identification:_identify(src) by extension 'ignore_ament_install'
[0.320s] Level 1:colcon.colcon_core.package_identification:_identify(src) by extensions ['colcon_pkg']
[0.320s] Level 1:colcon.colcon_core.package_identification:_identify(src) by extension 'colcon_pkg'
[0.320s] Level 1:colcon.colcon_core.package_identification:_identify(src) by extensions ['colcon_meta']
[0.320s] Level 1:colcon.colcon_core.package_identification:_identify(src) by extension 'colcon_meta'
[0.320s] Level 1:colcon.colcon_core.package_identification:_identify(src) by extensions ['ros']
[0.320s] Level 1:colcon.colcon_core.package_identification:_identify(src) by extension 'ros'
[0.320s] Level 1:colcon.colcon_core.package_identification:_identify(src) by extensions ['cmake', 'python']
[0.320s] Level 1:colcon.colcon_core.package_identification:_identify(src) by extension 'cmake'
[0.321s] Level 1:colcon.colcon_core.package_identification:_identify(src) by extension 'python'
[0.321s] Level 1:colcon.colcon_core.package_identification:_identify(src) by extensions ['python_setup_py']
[0.321s] Level 1:colcon.colcon_core.package_identification:_identify(src) by extension 'python_setup_py'
[0.321s] Level 1:colcon.colcon_core.package_identification:_identify(src/arm_bot) by extensions ['ignore', 'ignore_ament_install']
[0.321s] Level 1:colcon.colcon_core.package_identification:_identify(src/arm_bot) by extension 'ignore'
[0.321s] Level 1:colcon.colcon_core.package_identification:_identify(src/arm_bot) by extension 'ignore_ament_install'
[0.321s] Level 1:colcon.colcon_core.package_identification:_identify(src/arm_bot) by extensions ['colcon_pkg']
[0.321s] Level 1:colcon.colcon_core.package_identification:_identify(src/arm_bot) by extension 'colcon_pkg'
[0.321s] Level 1:colcon.colcon_core.package_identification:_identify(src/arm_bot) by extensions ['colcon_meta']
[0.321s] Level 1:colcon.colcon_core.package_identification:_identify(src/arm_bot) by extension 'colcon_meta'
[0.321s] Level 1:colcon.colcon_core.package_identification:_identify(src/arm_bot) by extensions ['ros']
[0.321s] Level 1:colcon.colcon_core.package_identification:_identify(src/arm_bot) by extension 'ros'
[0.330s] DEBUG:colcon.colcon_core.package_identification:Package 'src/arm_bot' with type 'ros.ament_cmake' and name 'arm_bot'
[0.330s] Level 1:colcon.colcon_core.package_identification:_identify(src/arm_bot_controller) by extensions ['ignore', 'ignore_ament_install']
[0.331s] Level 1:colcon.colcon_core.package_identification:_identify(src/arm_bot_controller) by extension 'ignore'
[0.331s] Level 1:colcon.colcon_core.package_identification:_identify(src/arm_bot_controller) by extension 'ignore_ament_install'
[0.331s] Level 1:colcon.colcon_core.package_identification:_identify(src/arm_bot_controller) by extensions ['colcon_pkg']
[0.331s] Level 1:colcon.colcon_core.package_identification:_identify(src/arm_bot_controller) by extension 'colcon_pkg'
[0.331s] Level 1:colcon.colcon_core.package_identification:_identify(src/arm_bot_controller) by extensions ['colcon_meta']
[0.331s] Level 1:colcon.colcon_core.package_identification:_identify(src/arm_bot_controller) by extension 'colcon_meta'
[0.331s] Level 1:colcon.colcon_core.package_identification:_identify(src/arm_bot_controller) by extensions ['ros']
[0.331s] Level 1:colcon.colcon_core.package_identification:_identify(src/arm_bot_controller) by extension 'ros'
[0.332s] DEBUG:colcon.colcon_core.package_identification:Package 'src/arm_bot_controller' with type 'ros.ament_cmake' and name 'arm_bot_controller'
[0.332s] Level 1:colcon.colcon_core.package_discovery:discover_packages(recursive) using defaults
[0.332s] Level 1:colcon.colcon_core.package_discovery:discover_packages(ignore) discover
[0.332s] Level 1:colcon.colcon_core.package_discovery:discover_packages(ignore) using defaults
[0.333s] Level 1:colcon.colcon_core.package_discovery:discover_packages(path) discover
[0.333s] Level 1:colcon.colcon_core.package_discovery:discover_packages(path) using defaults
[0.363s] Level 1:colcon.colcon_core.package_discovery:discover_packages(prefix_path) check parameters
[0.363s] Level 1:colcon.colcon_core.package_discovery:discover_packages(prefix_path) discover
[0.367s] DEBUG:colcon.colcon_installed_package_information.package_discovery:Found 2 installed packages in /home/ubuntu/arm_ws/install
[0.371s] DEBUG:colcon.colcon_installed_package_information.package_discovery:Found 426 installed packages in /opt/ros/jazzy
[0.375s] Level 1:colcon.colcon_core.package_discovery:discover_packages(prefix_path) using defaults
[0.481s] Level 5:colcon.colcon_core.verb:set package 'arm_bot' build argument 'cmake_args' from command line to 'None'
[0.482s] Level 5:colcon.colcon_core.verb:set package 'arm_bot' build argument 'cmake_target' from command line to 'None'
[0.482s] Level 5:colcon.colcon_core.verb:set package 'arm_bot' build argument 'cmake_target_skip_unavailable' from command line to 'False'
[0.482s] Level 5:colcon.colcon_core.verb:set package 'arm_bot' build argument 'cmake_clean_cache' from command line to 'False'
[0.482s] Level 5:colcon.colcon_core.verb:set package 'arm_bot' build argument 'cmake_clean_first' from command line to 'False'
[0.482s] Level 5:colcon.colcon_core.verb:set package 'arm_bot' build argument 'cmake_force_configure' from command line to 'False'
[0.482s] Level 5:colcon.colcon_core.verb:set package 'arm_bot' build argument 'ament_cmake_args' from command line to 'None'
[0.482s] Level 5:colcon.colcon_core.verb:set package 'arm_bot' build argument 'catkin_cmake_args' from command line to 'None'
[0.482s] Level 5:colcon.colcon_core.verb:set package 'arm_bot' build argument 'catkin_skip_building_tests' from command line to 'False'
[0.482s] DEBUG:colcon.colcon_core.verb:Building package 'arm_bot' with the following arguments: {'ament_cmake_args': None, 'build_base': '/home/ubuntu/arm_ws/build/arm_bot', 'catkin_cmake_args': None, 'catkin_skip_building_tests': False, 'cmake_args': None, 'cmake_clean_cache': False, 'cmake_clean_first': False, 'cmake_force_configure': False, 'cmake_target': None, 'cmake_target_skip_unavailable': False, 'install_base': '/home/ubuntu/arm_ws/install/arm_bot', 'merge_install': False, 'path': '/home/ubuntu/arm_ws/src/arm_bot', 'symlink_install': False, 'test_result_base': None}
[0.482s] Level 5:colcon.colcon_core.verb:set package 'arm_bot_controller' build argument 'cmake_args' from command line to 'None'
[0.482s] Level 5:colcon.colcon_core.verb:set package 'arm_bot_controller' build argument 'cmake_target' from command line to 'None'
[0.482s] Level 5:colcon.colcon_core.verb:set package 'arm_bot_controller' build argument 'cmake_target_skip_unavailable' from command line to 'False'
[0.482s] Level 5:colcon.colcon_core.verb:set package 'arm_bot_controller' build argument 'cmake_clean_cache' from command line to 'False'
[0.483s] Level 5:colcon.colcon_core.verb:set package 'arm_bot_controller' build argument 'cmake_clean_first' from command line to 'False'
[0.483s] Level 5:colcon.colcon_core.verb:set package 'arm_bot_controller' build argument 'cmake_force_configure' from command line to 'False'
[0.483s] Level 5:colcon.colcon_core.verb:set package 'arm_bot_controller' build argument 'ament_cmake_args' from command line to 'None'
[0.483s] Level 5:colcon.colcon_core.verb:set package 'arm_bot_controller' build argument 'catkin_cmake_args' from command line to 'None'
[0.483s] Level 5:colcon.colcon_core.verb:set package 'arm_bot_controller' build argument 'catkin_skip_building_tests' from command line to 'False'
[0.483s] DEBUG:colcon.colcon_core.verb:Building package 'arm_bot_controller' with the following arguments: {'ament_cmake_args': None, 'build_base': '/home/ubuntu/arm_ws/build/arm_bot_controller', 'catkin_cmake_args': None, 'catkin_skip_building_tests': False, 'cmake_args': None, 'cmake_clean_cache': False, 'cmake_clean_first': False, 'cmake_force_configure': False, 'cmake_target': None, 'cmake_target_skip_unavailable': False, 'install_base': '/home/ubuntu/arm_ws/install/arm_bot_controller', 'merge_install': False, 'path': '/home/ubuntu/arm_ws/src/arm_bot_controller', 'symlink_install': False, 'test_result_base': None}
[0.483s] INFO:colcon.colcon_core.executor:Executing jobs using 'parallel' executor
[0.485s] DEBUG:colcon.colcon_parallel_executor.executor.parallel:run_until_complete
[0.485s] INFO:colcon.colcon_ros.task.ament_cmake.build:Building ROS package in '/home/ubuntu/arm_ws/src/arm_bot' with build type 'ament_cmake'
[0.485s] INFO:colcon.colcon_cmake.task.cmake.build:Building CMake package in '/home/ubuntu/arm_ws/src/arm_bot'
[0.489s] INFO:colcon.colcon_core.plugin_system:Skipping extension 'colcon_core.shell.bat': Not used on non-Windows systems
[0.490s] INFO:colcon.colcon_core.shell:Skip shell extension 'powershell' for command environment: Not usable outside of PowerShell
[0.490s] DEBUG:colcon.colcon_core.shell:Skip shell extension 'dsv' for command environment
[0.498s] INFO:colcon.colcon_ros.task.ament_cmake.build:Building ROS package in '/home/ubuntu/arm_ws/src/arm_bot_controller' with build type 'ament_cmake'
[0.499s] INFO:colcon.colcon_cmake.task.cmake.build:Building CMake package in '/home/ubuntu/arm_ws/src/arm_bot_controller'
[0.499s] INFO:colcon.colcon_core.shell:Skip shell extension 'powershell' for command environment: Not usable outside of PowerShell
[0.499s] DEBUG:colcon.colcon_core.shell:Skip shell extension 'dsv' for command environment
[0.517s] DEBUG:colcon.colcon_core.event_handler.log_command:Invoking command in '/home/ubuntu/arm_ws/build/arm_bot': CMAKE_PREFIX_PATH=${CMAKE_PREFIX_PATH}:/opt/ros/jazzy DEBUGINFOD_URLS=https://debuginfod.ubuntu.com /usr/bin/cmake --build /home/ubuntu/arm_ws/build/arm_bot -- -j12 -l12
[0.526s] DEBUG:colcon.colcon_core.event_handler.log_command:Invoking command in '/home/ubuntu/arm_ws/build/arm_bot_controller': CMAKE_PREFIX_PATH=${CMAKE_PREFIX_PATH}:/opt/ros/jazzy DEBUGINFOD_URLS=https://debuginfod.ubuntu.com /usr/bin/cmake --build /home/ubuntu/arm_ws/build/arm_bot_controller -- -j12 -l12
[0.625s] DEBUG:colcon.colcon_core.event_handler.log_command:Invoked command in '/home/ubuntu/arm_ws/build/arm_bot' returned '0': CMAKE_PREFIX_PATH=${CMAKE_PREFIX_PATH}:/opt/ros/jazzy DEBUGINFOD_URLS=https://debuginfod.ubuntu.com /usr/bin/cmake --build /home/ubuntu/arm_ws/build/arm_bot -- -j12 -l12
[0.651s] DEBUG:colcon.colcon_core.event_handler.log_command:Invoking command in '/home/ubuntu/arm_ws/build/arm_bot': CMAKE_PREFIX_PATH=${CMAKE_PREFIX_PATH}:/opt/ros/jazzy DEBUGINFOD_URLS=https://debuginfod.ubuntu.com /usr/bin/cmake --install /home/ubuntu/arm_ws/build/arm_bot
[0.654s] DEBUG:colcon.colcon_core.event_handler.log_command:Invoked command in '/home/ubuntu/arm_ws/build/arm_bot_controller' returned '0': CMAKE_PREFIX_PATH=${CMAKE_PREFIX_PATH}:/opt/ros/jazzy DEBUGINFOD_URLS=https://debuginfod.ubuntu.com /usr/bin/cmake --build /home/ubuntu/arm_ws/build/arm_bot_controller -- -j12 -l12
[0.656s] DEBUG:colcon.colcon_core.event_handler.log_command:Invoking command in '/home/ubuntu/arm_ws/build/arm_bot_controller': CMAKE_PREFIX_PATH=${CMAKE_PREFIX_PATH}:/opt/ros/jazzy DEBUGINFOD_URLS=https://debuginfod.ubuntu.com /usr/bin/cmake --install /home/ubuntu/arm_ws/build/arm_bot_controller
[0.684s] Level 1:colcon.colcon_core.environment:create_environment_scripts_only(arm_bot_controller)
[0.685s] DEBUG:colcon.colcon_core.event_handler.log_command:Invoked command in '/home/ubuntu/arm_ws/build/arm_bot_controller' returned '0': CMAKE_PREFIX_PATH=${CMAKE_PREFIX_PATH}:/opt/ros/jazzy DEBUGINFOD_URLS=https://debuginfod.ubuntu.com /usr/bin/cmake --install /home/ubuntu/arm_ws/build/arm_bot_controller
[0.690s] Level 1:colcon.colcon_core.environment:checking '/home/ubuntu/arm_ws/install/arm_bot_controller' for CMake module files
[0.691s] Level 1:colcon.colcon_core.environment:checking '/home/ubuntu/arm_ws/install/arm_bot_controller' for CMake config files
[0.692s] Level 1:colcon.colcon_core.shell:create_environment_hook('arm_bot_controller', 'cmake_prefix_path')
[0.692s] INFO:colcon.colcon_core.shell:Creating environment hook '/home/ubuntu/arm_ws/install/arm_bot_controller/share/arm_bot_controller/hook/cmake_prefix_path.ps1'
[0.693s] INFO:colcon.colcon_core.shell:Creating environment descriptor '/home/ubuntu/arm_ws/install/arm_bot_controller/share/arm_bot_controller/hook/cmake_prefix_path.dsv'
[0.694s] INFO:colcon.colcon_core.shell:Creating environment hook '/home/ubuntu/arm_ws/install/arm_bot_controller/share/arm_bot_controller/hook/cmake_prefix_path.sh'
[0.695s] Level 1:colcon.colcon_core.environment:checking '/home/ubuntu/arm_ws/install/arm_bot_controller/bin'
[0.695s] Level 1:colcon.colcon_core.environment:checking '/home/ubuntu/arm_ws/install/arm_bot_controller/lib/pkgconfig/arm_bot_controller.pc'
[0.695s] Level 1:colcon.colcon_core.environment:checking '/home/ubuntu/arm_ws/install/arm_bot_controller/lib/python3.12/site-packages'
[0.696s] Level 1:colcon.colcon_core.environment:checking '/home/ubuntu/arm_ws/install/arm_bot_controller/bin'
[0.696s] INFO:colcon.colcon_core.shell:Creating package script '/home/ubuntu/arm_ws/install/arm_bot_controller/share/arm_bot_controller/package.ps1'
[0.697s] INFO:colcon.colcon_core.shell:Creating package descriptor '/home/ubuntu/arm_ws/install/arm_bot_controller/share/arm_bot_controller/package.dsv'
[0.698s] INFO:colcon.colcon_core.shell:Creating package script '/home/ubuntu/arm_ws/install/arm_bot_controller/share/arm_bot_controller/package.sh'
[0.699s] INFO:colcon.colcon_core.shell:Creating package script '/home/ubuntu/arm_ws/install/arm_bot_controller/share/arm_bot_controller/package.bash'
[0.700s] INFO:colcon.colcon_core.shell:Creating package script '/home/ubuntu/arm_ws/install/arm_bot_controller/share/arm_bot_controller/package.zsh'
[0.701s] Level 1:colcon.colcon_core.environment:create_file_with_runtime_dependencies(/home/ubuntu/arm_ws/install/arm_bot_controller/share/colcon-core/packages/arm_bot_controller)
[0.702s] Level 1:colcon.colcon_core.environment:create_environment_scripts_only(arm_bot_controller)
[0.702s] Level 1:colcon.colcon_core.environment:checking '/home/ubuntu/arm_ws/install/arm_bot_controller' for CMake module files
[0.703s] Level 1:colcon.colcon_core.environment:checking '/home/ubuntu/arm_ws/install/arm_bot_controller' for CMake config files
[0.703s] Level 1:colcon.colcon_core.shell:create_environment_hook('arm_bot_controller', 'cmake_prefix_path')
[0.704s] INFO:colcon.colcon_core.shell:Creating environment hook '/home/ubuntu/arm_ws/install/arm_bot_controller/share/arm_bot_controller/hook/cmake_prefix_path.ps1'
[0.704s] INFO:colcon.colcon_core.shell:Creating environment descriptor '/home/ubuntu/arm_ws/install/arm_bot_controller/share/arm_bot_controller/hook/cmake_prefix_path.dsv'
[0.705s] INFO:colcon.colcon_core.shell:Creating environment hook '/home/ubuntu/arm_ws/install/arm_bot_controller/share/arm_bot_controller/hook/cmake_prefix_path.sh'
[0.706s] Level 1:colcon.colcon_core.environment:checking '/home/ubuntu/arm_ws/install/arm_bot_controller/bin'
[0.706s] Level 1:colcon.colcon_core.environment:checking '/home/ubuntu/arm_ws/install/arm_bot_controller/lib/pkgconfig/arm_bot_controller.pc'
[0.706s] Level 1:colcon.colcon_core.environment:checking '/home/ubuntu/arm_ws/install/arm_bot_controller/lib/python3.12/site-packages'
[0.707s] Level 1:colcon.colcon_core.environment:checking '/home/ubuntu/arm_ws/install/arm_bot_controller/bin'
[0.707s] INFO:colcon.colcon_core.shell:Creating package script '/home/ubuntu/arm_ws/install/arm_bot_controller/share/arm_bot_controller/package.ps1'
[0.709s] INFO:colcon.colcon_core.shell:Creating package descriptor '/home/ubuntu/arm_ws/install/arm_bot_controller/share/arm_bot_controller/package.dsv'
[0.711s] INFO:colcon.colcon_core.shell:Creating package script '/home/ubuntu/arm_ws/install/arm_bot_controller/share/arm_bot_controller/package.sh'
[0.712s] INFO:colcon.colcon_core.shell:Creating package script '/home/ubuntu/arm_ws/install/arm_bot_controller/share/arm_bot_controller/package.bash'
[0.712s] INFO:colcon.colcon_core.shell:Creating package script '/home/ubuntu/arm_ws/install/arm_bot_controller/share/arm_bot_controller/package.zsh'
[0.713s] Level 1:colcon.colcon_core.environment:create_file_with_runtime_dependencies(/home/ubuntu/arm_ws/install/arm_bot_controller/share/colcon-core/packages/arm_bot_controller)
[0.715s] Level 1:colcon.colcon_core.environment:create_environment_scripts_only(arm_bot)
[0.715s] Level 1:colcon.colcon_core.environment:checking '/home/ubuntu/arm_ws/install/arm_bot' for CMake module files
[0.717s] DEBUG:colcon.colcon_core.event_handler.log_command:Invoked command in '/home/ubuntu/arm_ws/build/arm_bot' returned '0': CMAKE_PREFIX_PATH=${CMAKE_PREFIX_PATH}:/opt/ros/jazzy DEBUGINFOD_URLS=https://debuginfod.ubuntu.com /usr/bin/cmake --install /home/ubuntu/arm_ws/build/arm_bot
[0.718s] Level 1:colcon.colcon_core.environment:checking '/home/ubuntu/arm_ws/install/arm_bot' for CMake config files
[0.718s] Level 1:colcon.colcon_core.shell:create_environment_hook('arm_bot', 'cmake_prefix_path')
[0.719s] INFO:colcon.colcon_core.shell:Creating environment hook '/home/ubuntu/arm_ws/install/arm_bot/share/arm_bot/hook/cmake_prefix_path.ps1'
[0.720s] INFO:colcon.colcon_core.shell:Creating environment descriptor '/home/ubuntu/arm_ws/install/arm_bot/share/arm_bot/hook/cmake_prefix_path.dsv'
[0.720s] INFO:colcon.colcon_core.shell:Creating environment hook '/home/ubuntu/arm_ws/install/arm_bot/share/arm_bot/hook/cmake_prefix_path.sh'
[0.721s] Level 1:colcon.colcon_core.environment:checking '/home/ubuntu/arm_ws/install/arm_bot/bin'
[0.721s] Level 1:colcon.colcon_core.environment:checking '/home/ubuntu/arm_ws/install/arm_bot/lib/pkgconfig/arm_bot.pc'
[0.722s] Level 1:colcon.colcon_core.environment:checking '/home/ubuntu/arm_ws/install/arm_bot/lib/python3.12/site-packages'
[0.722s] Level 1:colcon.colcon_core.environment:checking '/home/ubuntu/arm_ws/install/arm_bot/bin'
[0.722s] INFO:colcon.colcon_core.shell:Creating package script '/home/ubuntu/arm_ws/install/arm_bot/share/arm_bot/package.ps1'
[0.723s] INFO:colcon.colcon_core.shell:Creating package descriptor '/home/ubuntu/arm_ws/install/arm_bot/share/arm_bot/package.dsv'
[0.724s] INFO:colcon.colcon_core.shell:Creating package script '/home/ubuntu/arm_ws/install/arm_bot/share/arm_bot/package.sh'
[0.725s] INFO:colcon.colcon_core.shell:Creating package script '/home/ubuntu/arm_ws/install/arm_bot/share/arm_bot/package.bash'
[0.726s] INFO:colcon.colcon_core.shell:Creating package script '/home/ubuntu/arm_ws/install/arm_bot/share/arm_bot/package.zsh'
[0.726s] Level 1:colcon.colcon_core.environment:create_file_with_runtime_dependencies(/home/ubuntu/arm_ws/install/arm_bot/share/colcon-core/packages/arm_bot)
[0.727s] Level 1:colcon.colcon_core.environment:create_environment_scripts_only(arm_bot)
[0.727s] Level 1:colcon.colcon_core.environment:checking '/home/ubuntu/arm_ws/install/arm_bot' for CMake module files
[0.728s] Level 1:colcon.colcon_core.environment:checking '/home/ubuntu/arm_ws/install/arm_bot' for CMake config files
[0.729s] Level 1:colcon.colcon_core.shell:create_environment_hook('arm_bot', 'cmake_prefix_path')
[0.729s] INFO:colcon.colcon_core.shell:Creating environment hook '/home/ubuntu/arm_ws/install/arm_bot/share/arm_bot/hook/cmake_prefix_path.ps1'
[0.730s] INFO:colcon.colcon_core.shell:Creating environment descriptor '/home/ubuntu/arm_ws/install/arm_bot/share/arm_bot/hook/cmake_prefix_path.dsv'
[0.731s] INFO:colcon.colcon_core.shell:Creating environment hook '/home/ubuntu/arm_ws/install/arm_bot/share/arm_bot/hook/cmake_prefix_path.sh'
[0.731s] Level 1:colcon.colcon_core.environment:checking '/home/ubuntu/arm_ws/install/arm_bot/bin'
[0.732s] Level 1:colcon.colcon_core.environment:checking '/home/ubuntu/arm_ws/install/arm_bot/lib/pkgconfig/arm_bot.pc'
[0.732s] Level 1:colcon.colcon_core.environment:checking '/home/ubuntu/arm_ws/install/arm_bot/lib/python3.12/site-packages'
[0.732s] Level 1:colcon.colcon_core.environment:checking '/home/ubuntu/arm_ws/install/arm_bot/bin'
[0.733s] INFO:colcon.colcon_core.shell:Creating package script '/home/ubuntu/arm_ws/install/arm_bot/share/arm_bot/package.ps1'
[0.733s] INFO:colcon.colcon_core.shell:Creating package descriptor '/home/ubuntu/arm_ws/install/arm_bot/share/arm_bot/package.dsv'
[0.734s] INFO:colcon.colcon_core.shell:Creating package script '/home/ubuntu/arm_ws/install/arm_bot/share/arm_bot/package.sh'
[0.735s] INFO:colcon.colcon_core.shell:Creating package script '/home/ubuntu/arm_ws/install/arm_bot/share/arm_bot/package.bash'
[0.735s] INFO:colcon.colcon_core.shell:Creating package script '/home/ubuntu/arm_ws/install/arm_bot/share/arm_bot/package.zsh'
[0.736s] Level 1:colcon.colcon_core.environment:create_file_with_runtime_dependencies(/home/ubuntu/arm_ws/install/arm_bot/share/colcon-core/packages/arm_bot)
[0.736s] DEBUG:colcon.colcon_parallel_executor.executor.parallel:closing loop
[0.737s] DEBUG:colcon.colcon_parallel_executor.executor.parallel:loop closed
[0.737s] DEBUG:colcon.colcon_parallel_executor.executor.parallel:run_until_complete finished with '0'
[0.738s] DEBUG:colcon.colcon_core.event_reactor:joining thread
[0.749s] INFO:colcon.colcon_core.plugin_system:Skipping extension 'colcon_notification.desktop_notification.terminal_notifier': Not used on non-Darwin systems
[0.749s] INFO:colcon.colcon_core.plugin_system:Skipping extension 'colcon_notification.desktop_notification.win32': Not used on non-Windows systems
[0.749s] INFO:colcon.colcon_notification.desktop_notification:Sending desktop notification using 'notify2'
[0.774s] DEBUG:colcon.colcon_core.event_reactor:joined thread
[0.774s] INFO:colcon.colcon_core.shell:Creating prefix script '/home/ubuntu/arm_ws/install/local_setup.ps1'
[0.776s] INFO:colcon.colcon_core.shell:Creating prefix util module '/home/ubuntu/arm_ws/install/_local_setup_util_ps1.py'
[0.778s] INFO:colcon.colcon_core.shell:Creating prefix chain script '/home/ubuntu/arm_ws/install/setup.ps1'
[0.780s] INFO:colcon.colcon_core.shell:Creating prefix script '/home/ubuntu/arm_ws/install/local_setup.sh'
[0.781s] INFO:colcon.colcon_core.shell:Creating prefix util module '/home/ubuntu/arm_ws/install/_local_setup_util_sh.py'
[0.782s] INFO:colcon.colcon_core.shell:Creating prefix chain script '/home/ubuntu/arm_ws/install/setup.sh'
[0.783s] INFO:colcon.colcon_core.shell:Creating prefix script '/home/ubuntu/arm_ws/install/local_setup.bash'
[0.784s] INFO:colcon.colcon_core.shell:Creating prefix chain script '/home/ubuntu/arm_ws/install/setup.bash'
[0.786s] INFO:colcon.colcon_core.shell:Creating prefix script '/home/ubuntu/arm_ws/install/local_setup.zsh'
[0.787s] INFO:colcon.colcon_core.shell:Creating prefix chain script '/home/ubuntu/arm_ws/install/setup.zsh'
