[0.055s] Invoking command in '/home/ubuntu/arm_ws/build/arm_bot': CMAKE_PREFIX_PATH=${CMAKE_PREFIX_PATH}:/opt/ros/jazzy DEBUGINFOD_URLS=https://debuginfod.ubuntu.com /usr/bin/cmake --build /home/ubuntu/arm_ws/build/arm_bot -- -j12 -l12
[0.231s] Invoked command in '/home/ubuntu/arm_ws/build/arm_bot' returned '0': CMAKE_PREFIX_PATH=${CMAKE_PREFIX_PATH}:/opt/ros/jazzy DEBUGINFOD_URLS=https://debuginfod.ubuntu.com /usr/bin/cmake --build /home/ubuntu/arm_ws/build/arm_bot -- -j12 -l12
[0.234s] Invoking command in '/home/ubuntu/arm_ws/build/arm_bot': CMAKE_PREFIX_PATH=${CMAKE_PREFIX_PATH}:/opt/ros/jazzy DEBUGINFOD_URLS=https://debuginfod.ubuntu.com /usr/bin/cmake --install /home/ubuntu/arm_ws/build/arm_bot
[0.265s] -- Install configuration: ""
[0.266s] -- Execute custom install script
[0.267s] -- Up-to-date symlink: /home/ubuntu/arm_ws/install/arm_bot/share/arm_bot/config/empty.yaml
[0.268s] -- Up-to-date symlink: /home/ubuntu/arm_ws/install/arm_bot/share/arm_bot/description/arm_gazebo.xacro
[0.269s] -- Up-to-date symlink: /home/ubuntu/arm_ws/install/arm_bot/share/arm_bot/description/arm_ros2_control.xacro
[0.269s] -- Up-to-date symlink: /home/ubuntu/arm_ws/install/arm_bot/share/arm_bot/description/robot.urdf.xacro
[0.271s] -- Up-to-date symlink: /home/ubuntu/arm_ws/install/arm_bot/share/arm_bot/description/robot1.urdf
[0.273s] -- Up-to-date symlink: /home/ubuntu/arm_ws/install/arm_bot/share/arm_bot/launch/gazebo.launch.py
[0.274s] -- Up-to-date symlink: /home/ubuntu/arm_ws/install/arm_bot/share/arm_bot/launch/rsp.launch.py
[0.275s] -- Up-to-date symlink: /home/ubuntu/arm_ws/install/arm_bot/share/arm_bot/worlds/empty.world
[0.276s] -- Up-to-date symlink: /home/ubuntu/arm_ws/install/arm_bot/share/ament_index/resource_index/package_run_dependencies/arm_bot
[0.278s] -- Up-to-date symlink: /home/ubuntu/arm_ws/install/arm_bot/share/ament_index/resource_index/parent_prefix_path/arm_bot
[0.278s] -- Up-to-date symlink: /home/ubuntu/arm_ws/install/arm_bot/share/arm_bot/environment/ament_prefix_path.sh
[0.278s] -- Up-to-date symlink: /home/ubuntu/arm_ws/install/arm_bot/share/arm_bot/environment/ament_prefix_path.dsv
[0.278s] -- Up-to-date symlink: /home/ubuntu/arm_ws/install/arm_bot/share/arm_bot/environment/path.sh
[0.278s] -- Up-to-date symlink: /home/ubuntu/arm_ws/install/arm_bot/share/arm_bot/environment/path.dsv
[0.279s] -- Up-to-date symlink: /home/ubuntu/arm_ws/install/arm_bot/share/arm_bot/local_setup.bash
[0.279s] -- Up-to-date symlink: /home/ubuntu/arm_ws/install/arm_bot/share/arm_bot/local_setup.sh
[0.280s] -- Up-to-date symlink: /home/ubuntu/arm_ws/install/arm_bot/share/arm_bot/local_setup.zsh
[0.280s] -- Up-to-date symlink: /home/ubuntu/arm_ws/install/arm_bot/share/arm_bot/local_setup.dsv
[0.281s] -- Symlinking: /home/ubuntu/arm_ws/install/arm_bot/share/arm_bot/package.dsv
[0.317s] -- Up-to-date symlink: /home/ubuntu/arm_ws/install/arm_bot/share/ament_index/resource_index/packages/arm_bot
[0.317s] -- Up-to-date symlink: /home/ubuntu/arm_ws/install/arm_bot/share/arm_bot/cmake/arm_botConfig.cmake
[0.318s] -- Up-to-date symlink: /home/ubuntu/arm_ws/install/arm_bot/share/arm_bot/cmake/arm_botConfig-version.cmake
[0.318s] -- Up-to-date symlink: /home/ubuntu/arm_ws/install/arm_bot/share/arm_bot/package.xml
[0.324s] Invoked command in '/home/ubuntu/arm_ws/build/arm_bot' returned '0': CMAKE_PREFIX_PATH=${CMAKE_PREFIX_PATH}:/opt/ros/jazzy DEBUGINFOD_URLS=https://debuginfod.ubuntu.com /usr/bin/cmake --install /home/ubuntu/arm_ws/build/arm_bot
