[0.297s] DEBUG:colcon:Command line arguments: ['/usr/bin/colcon', 'build']
[0.298s] DEBUG:colcon:Parsed command line arguments: Namespace(log_base=None, log_level=None, verb_name='build', build_base='build', install_base='install', merge_install=False, symlink_install=False, test_result_base=None, continue_on_error=False, executor='parallel', parallel_workers=12, event_handlers=None, ignore_user_meta=False, metas=['./colcon.meta'], base_paths=['.'], packages_ignore=None, packages_ignore_regex=None, paths=None, packages_up_to=None, packages_up_to_regex=None, packages_above=None, packages_above_and_dependencies=None, packages_above_depth=None, packages_select_by_dep=None, packages_skip_by_dep=None, packages_skip_up_to=None, packages_select_build_failed=False, packages_skip_build_finished=False, packages_select_test_failures=False, packages_skip_test_passed=False, packages_select=None, packages_skip=None, packages_select_regex=None, packages_skip_regex=None, packages_start=None, packages_end=None, allow_overriding=[], cmake_args=None, cmake_target=None, cmake_target_skip_unavailable=False, cmake_clean_cache=False, cmake_clean_first=False, cmake_force_configure=False, ament_cmake_args=None, catkin_cmake_args=None, catkin_skip_building_tests=False, mixin_files=None, mixin=None, verb_parser=<colcon_mixin.mixin.mixin_argument.MixinArgumentDecorator object at 0x7145f36dd4f0>, verb_extension=<colcon_core.verb.build.BuildVerb object at 0x7145f36dc770>, main=<bound method BuildVerb.main of <colcon_core.verb.build.BuildVerb object at 0x7145f36dc770>>, mixin_verb=('build',))
[0.408s] Level 1:colcon.colcon_core.package_discovery:discover_packages(colcon_meta) check parameters
[0.408s] Level 1:colcon.colcon_core.package_discovery:discover_packages(recursive) check parameters
[0.408s] Level 1:colcon.colcon_core.package_discovery:discover_packages(ignore) check parameters
[0.408s] Level 1:colcon.colcon_core.package_discovery:discover_packages(path) check parameters
[0.408s] Level 1:colcon.colcon_core.package_discovery:discover_packages(colcon_meta) discover
[0.408s] Level 1:colcon.colcon_core.package_discovery:discover_packages(recursive) discover
[0.409s] INFO:colcon.colcon_core.package_discovery:Crawling recursively for packages in '/home/ubuntu/arm_ws'
[0.409s] Level 1:colcon.colcon_core.package_identification:_identify(.) by extensions ['ignore', 'ignore_ament_install']
[0.409s] Level 1:colcon.colcon_core.package_identification:_identify(.) by extension 'ignore'
[0.409s] Level 1:colcon.colcon_core.package_identification:_identify(.) by extension 'ignore_ament_install'
[0.409s] Level 1:colcon.colcon_core.package_identification:_identify(.) by extensions ['colcon_pkg']
[0.409s] Level 1:colcon.colcon_core.package_identification:_identify(.) by extension 'colcon_pkg'
[0.409s] Level 1:colcon.colcon_core.package_identification:_identify(.) by extensions ['colcon_meta']
[0.410s] Level 1:colcon.colcon_core.package_identification:_identify(.) by extension 'colcon_meta'
[0.410s] Level 1:colcon.colcon_core.package_identification:_identify(.) by extensions ['ros']
[0.410s] Level 1:colcon.colcon_core.package_identification:_identify(.) by extension 'ros'
[0.482s] Level 1:colcon.colcon_core.package_identification:_identify(.) by extensions ['cmake', 'python']
[0.482s] Level 1:colcon.colcon_core.package_identification:_identify(.) by extension 'cmake'
[0.482s] Level 1:colcon.colcon_core.package_identification:_identify(.) by extension 'python'
[0.482s] Level 1:colcon.colcon_core.package_identification:_identify(.) by extensions ['python_setup_py']
[0.482s] Level 1:colcon.colcon_core.package_identification:_identify(.) by extension 'python_setup_py'
[0.483s] Level 1:colcon.colcon_core.package_identification:_identify(build) by extensions ['ignore', 'ignore_ament_install']
[0.483s] Level 1:colcon.colcon_core.package_identification:_identify(build) by extension 'ignore'
[0.483s] Level 1:colcon.colcon_core.package_identification:_identify(build) ignored
[0.483s] Level 1:colcon.colcon_core.package_identification:_identify(install) by extensions ['ignore', 'ignore_ament_install']
[0.484s] Level 1:colcon.colcon_core.package_identification:_identify(install) by extension 'ignore'
[0.484s] Level 1:colcon.colcon_core.package_identification:_identify(install) ignored
[0.484s] Level 1:colcon.colcon_core.package_identification:_identify(log) by extensions ['ignore', 'ignore_ament_install']
[0.484s] Level 1:colcon.colcon_core.package_identification:_identify(log) by extension 'ignore'
[0.484s] Level 1:colcon.colcon_core.package_identification:_identify(log) ignored
[0.484s] Level 1:colcon.colcon_core.package_identification:_identify(src) by extensions ['ignore', 'ignore_ament_install']
[0.485s] Level 1:colcon.colcon_core.package_identification:_identify(src) by extension 'ignore'
[0.485s] Level 1:colcon.colcon_core.package_identification:_identify(src) by extension 'ignore_ament_install'
[0.485s] Level 1:colcon.colcon_core.package_identification:_identify(src) by extensions ['colcon_pkg']
[0.485s] Level 1:colcon.colcon_core.package_identification:_identify(src) by extension 'colcon_pkg'
[0.485s] Level 1:colcon.colcon_core.package_identification:_identify(src) by extensions ['colcon_meta']
[0.485s] Level 1:colcon.colcon_core.package_identification:_identify(src) by extension 'colcon_meta'
[0.485s] Level 1:colcon.colcon_core.package_identification:_identify(src) by extensions ['ros']
[0.485s] Level 1:colcon.colcon_core.package_identification:_identify(src) by extension 'ros'
[0.486s] Level 1:colcon.colcon_core.package_identification:_identify(src) by extensions ['cmake', 'python']
[0.486s] Level 1:colcon.colcon_core.package_identification:_identify(src) by extension 'cmake'
[0.486s] Level 1:colcon.colcon_core.package_identification:_identify(src) by extension 'python'
[0.486s] Level 1:colcon.colcon_core.package_identification:_identify(src) by extensions ['python_setup_py']
[0.486s] Level 1:colcon.colcon_core.package_identification:_identify(src) by extension 'python_setup_py'
[0.486s] Level 1:colcon.colcon_core.package_identification:_identify(src/arm_bot) by extensions ['ignore', 'ignore_ament_install']
[0.486s] Level 1:colcon.colcon_core.package_identification:_identify(src/arm_bot) by extension 'ignore'
[0.486s] Level 1:colcon.colcon_core.package_identification:_identify(src/arm_bot) by extension 'ignore_ament_install'
[0.487s] Level 1:colcon.colcon_core.package_identification:_identify(src/arm_bot) by extensions ['colcon_pkg']
[0.487s] Level 1:colcon.colcon_core.package_identification:_identify(src/arm_bot) by extension 'colcon_pkg'
[0.487s] Level 1:colcon.colcon_core.package_identification:_identify(src/arm_bot) by extensions ['colcon_meta']
[0.487s] Level 1:colcon.colcon_core.package_identification:_identify(src/arm_bot) by extension 'colcon_meta'
[0.487s] Level 1:colcon.colcon_core.package_identification:_identify(src/arm_bot) by extensions ['ros']
[0.487s] Level 1:colcon.colcon_core.package_identification:_identify(src/arm_bot) by extension 'ros'
[0.499s] DEBUG:colcon.colcon_core.package_identification:Package 'src/arm_bot' with type 'ros.ament_cmake' and name 'arm_bot'
[0.499s] Level 1:colcon.colcon_core.package_identification:_identify(src/arm_bot_controller) by extensions ['ignore', 'ignore_ament_install']
[0.499s] Level 1:colcon.colcon_core.package_identification:_identify(src/arm_bot_controller) by extension 'ignore'
[0.499s] Level 1:colcon.colcon_core.package_identification:_identify(src/arm_bot_controller) by extension 'ignore_ament_install'
[0.499s] Level 1:colcon.colcon_core.package_identification:_identify(src/arm_bot_controller) by extensions ['colcon_pkg']
[0.500s] Level 1:colcon.colcon_core.package_identification:_identify(src/arm_bot_controller) by extension 'colcon_pkg'
[0.500s] Level 1:colcon.colcon_core.package_identification:_identify(src/arm_bot_controller) by extensions ['colcon_meta']
[0.500s] Level 1:colcon.colcon_core.package_identification:_identify(src/arm_bot_controller) by extension 'colcon_meta'
[0.500s] Level 1:colcon.colcon_core.package_identification:_identify(src/arm_bot_controller) by extensions ['ros']
[0.500s] Level 1:colcon.colcon_core.package_identification:_identify(src/arm_bot_controller) by extension 'ros'
[0.501s] DEBUG:colcon.colcon_core.package_identification:Package 'src/arm_bot_controller' with type 'ros.ament_cmake' and name 'arm_bot_controller'
[0.501s] Level 1:colcon.colcon_core.package_discovery:discover_packages(recursive) using defaults
[0.501s] Level 1:colcon.colcon_core.package_discovery:discover_packages(ignore) discover
[0.501s] Level 1:colcon.colcon_core.package_discovery:discover_packages(ignore) using defaults
[0.502s] Level 1:colcon.colcon_core.package_discovery:discover_packages(path) discover
[0.502s] Level 1:colcon.colcon_core.package_discovery:discover_packages(path) using defaults
[0.546s] Level 1:colcon.colcon_core.package_discovery:discover_packages(prefix_path) check parameters
[0.546s] Level 1:colcon.colcon_core.package_discovery:discover_packages(prefix_path) discover
[0.551s] DEBUG:colcon.colcon_installed_package_information.package_discovery:Found 2 installed packages in /home/ubuntu/arm_ws/install
[0.558s] DEBUG:colcon.colcon_installed_package_information.package_discovery:Found 426 installed packages in /opt/ros/jazzy
[0.563s] Level 1:colcon.colcon_core.package_discovery:discover_packages(prefix_path) using defaults
[0.716s] Level 5:colcon.colcon_core.verb:set package 'arm_bot' build argument 'cmake_args' from command line to 'None'
[0.716s] Level 5:colcon.colcon_core.verb:set package 'arm_bot' build argument 'cmake_target' from command line to 'None'
[0.716s] Level 5:colcon.colcon_core.verb:set package 'arm_bot' build argument 'cmake_target_skip_unavailable' from command line to 'False'
[0.716s] Level 5:colcon.colcon_core.verb:set package 'arm_bot' build argument 'cmake_clean_cache' from command line to 'False'
[0.717s] Level 5:colcon.colcon_core.verb:set package 'arm_bot' build argument 'cmake_clean_first' from command line to 'False'
[0.717s] Level 5:colcon.colcon_core.verb:set package 'arm_bot' build argument 'cmake_force_configure' from command line to 'False'
[0.717s] Level 5:colcon.colcon_core.verb:set package 'arm_bot' build argument 'ament_cmake_args' from command line to 'None'
[0.717s] Level 5:colcon.colcon_core.verb:set package 'arm_bot' build argument 'catkin_cmake_args' from command line to 'None'
[0.717s] Level 5:colcon.colcon_core.verb:set package 'arm_bot' build argument 'catkin_skip_building_tests' from command line to 'False'
[0.717s] DEBUG:colcon.colcon_core.verb:Building package 'arm_bot' with the following arguments: {'ament_cmake_args': None, 'build_base': '/home/ubuntu/arm_ws/build/arm_bot', 'catkin_cmake_args': None, 'catkin_skip_building_tests': False, 'cmake_args': None, 'cmake_clean_cache': False, 'cmake_clean_first': False, 'cmake_force_configure': False, 'cmake_target': None, 'cmake_target_skip_unavailable': False, 'install_base': '/home/ubuntu/arm_ws/install/arm_bot', 'merge_install': False, 'path': '/home/ubuntu/arm_ws/src/arm_bot', 'symlink_install': False, 'test_result_base': None}
[0.718s] Level 5:colcon.colcon_core.verb:set package 'arm_bot_controller' build argument 'cmake_args' from command line to 'None'
[0.718s] Level 5:colcon.colcon_core.verb:set package 'arm_bot_controller' build argument 'cmake_target' from command line to 'None'
[0.718s] Level 5:colcon.colcon_core.verb:set package 'arm_bot_controller' build argument 'cmake_target_skip_unavailable' from command line to 'False'
[0.718s] Level 5:colcon.colcon_core.verb:set package 'arm_bot_controller' build argument 'cmake_clean_cache' from command line to 'False'
[0.718s] Level 5:colcon.colcon_core.verb:set package 'arm_bot_controller' build argument 'cmake_clean_first' from command line to 'False'
[0.718s] Level 5:colcon.colcon_core.verb:set package 'arm_bot_controller' build argument 'cmake_force_configure' from command line to 'False'
[0.718s] Level 5:colcon.colcon_core.verb:set package 'arm_bot_controller' build argument 'ament_cmake_args' from command line to 'None'
[0.718s] Level 5:colcon.colcon_core.verb:set package 'arm_bot_controller' build argument 'catkin_cmake_args' from command line to 'None'
[0.718s] Level 5:colcon.colcon_core.verb:set package 'arm_bot_controller' build argument 'catkin_skip_building_tests' from command line to 'False'
[0.718s] DEBUG:colcon.colcon_core.verb:Building package 'arm_bot_controller' with the following arguments: {'ament_cmake_args': None, 'build_base': '/home/ubuntu/arm_ws/build/arm_bot_controller', 'catkin_cmake_args': None, 'catkin_skip_building_tests': False, 'cmake_args': None, 'cmake_clean_cache': False, 'cmake_clean_first': False, 'cmake_force_configure': False, 'cmake_target': None, 'cmake_target_skip_unavailable': False, 'install_base': '/home/ubuntu/arm_ws/install/arm_bot_controller', 'merge_install': False, 'path': '/home/ubuntu/arm_ws/src/arm_bot_controller', 'symlink_install': False, 'test_result_base': None}
[0.718s] INFO:colcon.colcon_core.executor:Executing jobs using 'parallel' executor
[0.720s] DEBUG:colcon.colcon_parallel_executor.executor.parallel:run_until_complete
[0.721s] INFO:colcon.colcon_ros.task.ament_cmake.build:Building ROS package in '/home/ubuntu/arm_ws/src/arm_bot' with build type 'ament_cmake'
[0.721s] INFO:colcon.colcon_cmake.task.cmake.build:Building CMake package in '/home/ubuntu/arm_ws/src/arm_bot'
[0.726s] INFO:colcon.colcon_core.plugin_system:Skipping extension 'colcon_core.shell.bat': Not used on non-Windows systems
[0.726s] INFO:colcon.colcon_core.shell:Skip shell extension 'powershell' for command environment: Not usable outside of PowerShell
[0.727s] DEBUG:colcon.colcon_core.shell:Skip shell extension 'dsv' for command environment
[0.738s] INFO:colcon.colcon_ros.task.ament_cmake.build:Building ROS package in '/home/ubuntu/arm_ws/src/arm_bot_controller' with build type 'ament_cmake'
[0.738s] INFO:colcon.colcon_cmake.task.cmake.build:Building CMake package in '/home/ubuntu/arm_ws/src/arm_bot_controller'
[0.739s] INFO:colcon.colcon_core.shell:Skip shell extension 'powershell' for command environment: Not usable outside of PowerShell
[0.739s] DEBUG:colcon.colcon_core.shell:Skip shell extension 'dsv' for command environment
[0.769s] DEBUG:colcon.colcon_core.event_handler.log_command:Invoking command in '/home/ubuntu/arm_ws/build/arm_bot_controller': CMAKE_PREFIX_PATH=${CMAKE_PREFIX_PATH}:/opt/ros/jazzy DEBUGINFOD_URLS=https://debuginfod.ubuntu.com /usr/bin/cmake --build /home/ubuntu/arm_ws/build/arm_bot_controller -- -j12 -l12
[0.777s] DEBUG:colcon.colcon_core.event_handler.log_command:Invoking command in '/home/ubuntu/arm_ws/build/arm_bot': CMAKE_PREFIX_PATH=${CMAKE_PREFIX_PATH}:/opt/ros/jazzy DEBUGINFOD_URLS=https://debuginfod.ubuntu.com /usr/bin/cmake --build /home/ubuntu/arm_ws/build/arm_bot -- -j12 -l12
[0.912s] DEBUG:colcon.colcon_core.event_handler.log_command:Invoked command in '/home/ubuntu/arm_ws/build/arm_bot_controller' returned '0': CMAKE_PREFIX_PATH=${CMAKE_PREFIX_PATH}:/opt/ros/jazzy DEBUGINFOD_URLS=https://debuginfod.ubuntu.com /usr/bin/cmake --build /home/ubuntu/arm_ws/build/arm_bot_controller -- -j12 -l12
[0.950s] DEBUG:colcon.colcon_core.event_handler.log_command:Invoking command in '/home/ubuntu/arm_ws/build/arm_bot_controller': CMAKE_PREFIX_PATH=${CMAKE_PREFIX_PATH}:/opt/ros/jazzy DEBUGINFOD_URLS=https://debuginfod.ubuntu.com /usr/bin/cmake --install /home/ubuntu/arm_ws/build/arm_bot_controller
[0.953s] DEBUG:colcon.colcon_core.event_handler.log_command:Invoked command in '/home/ubuntu/arm_ws/build/arm_bot' returned '0': CMAKE_PREFIX_PATH=${CMAKE_PREFIX_PATH}:/opt/ros/jazzy DEBUGINFOD_URLS=https://debuginfod.ubuntu.com /usr/bin/cmake --build /home/ubuntu/arm_ws/build/arm_bot -- -j12 -l12
[0.956s] DEBUG:colcon.colcon_core.event_handler.log_command:Invoking command in '/home/ubuntu/arm_ws/build/arm_bot': CMAKE_PREFIX_PATH=${CMAKE_PREFIX_PATH}:/opt/ros/jazzy DEBUGINFOD_URLS=https://debuginfod.ubuntu.com /usr/bin/cmake --install /home/ubuntu/arm_ws/build/arm_bot
[0.992s] Level 1:colcon.colcon_core.environment:create_environment_scripts_only(arm_bot_controller)
[0.994s] DEBUG:colcon.colcon_core.event_handler.log_command:Invoked command in '/home/ubuntu/arm_ws/build/arm_bot_controller' returned '0': CMAKE_PREFIX_PATH=${CMAKE_PREFIX_PATH}:/opt/ros/jazzy DEBUGINFOD_URLS=https://debuginfod.ubuntu.com /usr/bin/cmake --install /home/ubuntu/arm_ws/build/arm_bot_controller
[1.006s] Level 1:colcon.colcon_core.environment:checking '/home/ubuntu/arm_ws/install/arm_bot_controller' for CMake module files
[1.008s] Level 1:colcon.colcon_core.environment:checking '/home/ubuntu/arm_ws/install/arm_bot_controller' for CMake config files
[1.009s] Level 1:colcon.colcon_core.shell:create_environment_hook('arm_bot_controller', 'cmake_prefix_path')
[1.009s] INFO:colcon.colcon_core.shell:Creating environment hook '/home/ubuntu/arm_ws/install/arm_bot_controller/share/arm_bot_controller/hook/cmake_prefix_path.ps1'
[1.010s] INFO:colcon.colcon_core.shell:Creating environment descriptor '/home/ubuntu/arm_ws/install/arm_bot_controller/share/arm_bot_controller/hook/cmake_prefix_path.dsv'
[1.011s] INFO:colcon.colcon_core.shell:Creating environment hook '/home/ubuntu/arm_ws/install/arm_bot_controller/share/arm_bot_controller/hook/cmake_prefix_path.sh'
[1.013s] Level 1:colcon.colcon_core.environment:checking '/home/ubuntu/arm_ws/install/arm_bot_controller/bin'
[1.013s] Level 1:colcon.colcon_core.environment:checking '/home/ubuntu/arm_ws/install/arm_bot_controller/lib/pkgconfig/arm_bot_controller.pc'
[1.014s] Level 1:colcon.colcon_core.environment:checking '/home/ubuntu/arm_ws/install/arm_bot_controller/lib/python3.12/site-packages'
[1.014s] Level 1:colcon.colcon_core.environment:checking '/home/ubuntu/arm_ws/install/arm_bot_controller/bin'
[1.015s] INFO:colcon.colcon_core.shell:Creating package script '/home/ubuntu/arm_ws/install/arm_bot_controller/share/arm_bot_controller/package.ps1'
[1.016s] INFO:colcon.colcon_core.shell:Creating package descriptor '/home/ubuntu/arm_ws/install/arm_bot_controller/share/arm_bot_controller/package.dsv'
[1.017s] INFO:colcon.colcon_core.shell:Creating package script '/home/ubuntu/arm_ws/install/arm_bot_controller/share/arm_bot_controller/package.sh'
[1.019s] INFO:colcon.colcon_core.shell:Creating package script '/home/ubuntu/arm_ws/install/arm_bot_controller/share/arm_bot_controller/package.bash'
[1.021s] INFO:colcon.colcon_core.shell:Creating package script '/home/ubuntu/arm_ws/install/arm_bot_controller/share/arm_bot_controller/package.zsh'
[1.022s] Level 1:colcon.colcon_core.environment:create_file_with_runtime_dependencies(/home/ubuntu/arm_ws/install/arm_bot_controller/share/colcon-core/packages/arm_bot_controller)
[1.024s] Level 1:colcon.colcon_core.environment:create_environment_scripts_only(arm_bot_controller)
[1.024s] Level 1:colcon.colcon_core.environment:checking '/home/ubuntu/arm_ws/install/arm_bot_controller' for CMake module files
[1.025s] Level 1:colcon.colcon_core.environment:checking '/home/ubuntu/arm_ws/install/arm_bot_controller' for CMake config files
[1.026s] Level 1:colcon.colcon_core.shell:create_environment_hook('arm_bot_controller', 'cmake_prefix_path')
[1.026s] INFO:colcon.colcon_core.shell:Creating environment hook '/home/ubuntu/arm_ws/install/arm_bot_controller/share/arm_bot_controller/hook/cmake_prefix_path.ps1'
[1.027s] INFO:colcon.colcon_core.shell:Creating environment descriptor '/home/ubuntu/arm_ws/install/arm_bot_controller/share/arm_bot_controller/hook/cmake_prefix_path.dsv'
[1.028s] INFO:colcon.colcon_core.shell:Creating environment hook '/home/ubuntu/arm_ws/install/arm_bot_controller/share/arm_bot_controller/hook/cmake_prefix_path.sh'
[1.029s] Level 1:colcon.colcon_core.environment:checking '/home/ubuntu/arm_ws/install/arm_bot_controller/bin'
[1.030s] Level 1:colcon.colcon_core.environment:checking '/home/ubuntu/arm_ws/install/arm_bot_controller/lib/pkgconfig/arm_bot_controller.pc'
[1.030s] Level 1:colcon.colcon_core.environment:checking '/home/ubuntu/arm_ws/install/arm_bot_controller/lib/python3.12/site-packages'
[1.031s] Level 1:colcon.colcon_core.environment:checking '/home/ubuntu/arm_ws/install/arm_bot_controller/bin'
[1.031s] INFO:colcon.colcon_core.shell:Creating package script '/home/ubuntu/arm_ws/install/arm_bot_controller/share/arm_bot_controller/package.ps1'
[1.032s] INFO:colcon.colcon_core.shell:Creating package descriptor '/home/ubuntu/arm_ws/install/arm_bot_controller/share/arm_bot_controller/package.dsv'
[1.033s] INFO:colcon.colcon_core.shell:Creating package script '/home/ubuntu/arm_ws/install/arm_bot_controller/share/arm_bot_controller/package.sh'
[1.034s] INFO:colcon.colcon_core.shell:Creating package script '/home/ubuntu/arm_ws/install/arm_bot_controller/share/arm_bot_controller/package.bash'
[1.035s] INFO:colcon.colcon_core.shell:Creating package script '/home/ubuntu/arm_ws/install/arm_bot_controller/share/arm_bot_controller/package.zsh'
[1.036s] Level 1:colcon.colcon_core.environment:create_file_with_runtime_dependencies(/home/ubuntu/arm_ws/install/arm_bot_controller/share/colcon-core/packages/arm_bot_controller)
[1.046s] Level 1:colcon.colcon_core.environment:create_environment_scripts_only(arm_bot)
[1.047s] Level 1:colcon.colcon_core.environment:checking '/home/ubuntu/arm_ws/install/arm_bot' for CMake module files
[1.048s] DEBUG:colcon.colcon_core.event_handler.log_command:Invoked command in '/home/ubuntu/arm_ws/build/arm_bot' returned '0': CMAKE_PREFIX_PATH=${CMAKE_PREFIX_PATH}:/opt/ros/jazzy DEBUGINFOD_URLS=https://debuginfod.ubuntu.com /usr/bin/cmake --install /home/ubuntu/arm_ws/build/arm_bot
[1.049s] Level 1:colcon.colcon_core.environment:checking '/home/ubuntu/arm_ws/install/arm_bot' for CMake config files
[1.050s] Level 1:colcon.colcon_core.shell:create_environment_hook('arm_bot', 'cmake_prefix_path')
[1.050s] INFO:colcon.colcon_core.shell:Creating environment hook '/home/ubuntu/arm_ws/install/arm_bot/share/arm_bot/hook/cmake_prefix_path.ps1'
[1.052s] INFO:colcon.colcon_core.shell:Creating environment descriptor '/home/ubuntu/arm_ws/install/arm_bot/share/arm_bot/hook/cmake_prefix_path.dsv'
[1.052s] INFO:colcon.colcon_core.shell:Creating environment hook '/home/ubuntu/arm_ws/install/arm_bot/share/arm_bot/hook/cmake_prefix_path.sh'
[1.053s] Level 1:colcon.colcon_core.environment:checking '/home/ubuntu/arm_ws/install/arm_bot/bin'
[1.054s] Level 1:colcon.colcon_core.environment:checking '/home/ubuntu/arm_ws/install/arm_bot/lib/pkgconfig/arm_bot.pc'
[1.054s] Level 1:colcon.colcon_core.environment:checking '/home/ubuntu/arm_ws/install/arm_bot/lib/python3.12/site-packages'
[1.055s] Level 1:colcon.colcon_core.environment:checking '/home/ubuntu/arm_ws/install/arm_bot/bin'
[1.055s] INFO:colcon.colcon_core.shell:Creating package script '/home/ubuntu/arm_ws/install/arm_bot/share/arm_bot/package.ps1'
[1.056s] INFO:colcon.colcon_core.shell:Creating package descriptor '/home/ubuntu/arm_ws/install/arm_bot/share/arm_bot/package.dsv'
[1.057s] INFO:colcon.colcon_core.shell:Creating package script '/home/ubuntu/arm_ws/install/arm_bot/share/arm_bot/package.sh'
[1.058s] INFO:colcon.colcon_core.shell:Creating package script '/home/ubuntu/arm_ws/install/arm_bot/share/arm_bot/package.bash'
[1.059s] INFO:colcon.colcon_core.shell:Creating package script '/home/ubuntu/arm_ws/install/arm_bot/share/arm_bot/package.zsh'
[1.059s] Level 1:colcon.colcon_core.environment:create_file_with_runtime_dependencies(/home/ubuntu/arm_ws/install/arm_bot/share/colcon-core/packages/arm_bot)
[1.060s] Level 1:colcon.colcon_core.environment:create_environment_scripts_only(arm_bot)
[1.061s] Level 1:colcon.colcon_core.environment:checking '/home/ubuntu/arm_ws/install/arm_bot' for CMake module files
[1.062s] Level 1:colcon.colcon_core.environment:checking '/home/ubuntu/arm_ws/install/arm_bot' for CMake config files
[1.063s] Level 1:colcon.colcon_core.shell:create_environment_hook('arm_bot', 'cmake_prefix_path')
[1.064s] INFO:colcon.colcon_core.shell:Creating environment hook '/home/ubuntu/arm_ws/install/arm_bot/share/arm_bot/hook/cmake_prefix_path.ps1'
[1.065s] INFO:colcon.colcon_core.shell:Creating environment descriptor '/home/ubuntu/arm_ws/install/arm_bot/share/arm_bot/hook/cmake_prefix_path.dsv'
[1.065s] INFO:colcon.colcon_core.shell:Creating environment hook '/home/ubuntu/arm_ws/install/arm_bot/share/arm_bot/hook/cmake_prefix_path.sh'
[1.067s] Level 1:colcon.colcon_core.environment:checking '/home/ubuntu/arm_ws/install/arm_bot/bin'
[1.067s] Level 1:colcon.colcon_core.environment:checking '/home/ubuntu/arm_ws/install/arm_bot/lib/pkgconfig/arm_bot.pc'
[1.067s] Level 1:colcon.colcon_core.environment:checking '/home/ubuntu/arm_ws/install/arm_bot/lib/python3.12/site-packages'
[1.068s] Level 1:colcon.colcon_core.environment:checking '/home/ubuntu/arm_ws/install/arm_bot/bin'
[1.068s] INFO:colcon.colcon_core.shell:Creating package script '/home/ubuntu/arm_ws/install/arm_bot/share/arm_bot/package.ps1'
[1.069s] INFO:colcon.colcon_core.shell:Creating package descriptor '/home/ubuntu/arm_ws/install/arm_bot/share/arm_bot/package.dsv'
[1.070s] INFO:colcon.colcon_core.shell:Creating package script '/home/ubuntu/arm_ws/install/arm_bot/share/arm_bot/package.sh'
[1.071s] INFO:colcon.colcon_core.shell:Creating package script '/home/ubuntu/arm_ws/install/arm_bot/share/arm_bot/package.bash'
[1.072s] INFO:colcon.colcon_core.shell:Creating package script '/home/ubuntu/arm_ws/install/arm_bot/share/arm_bot/package.zsh'
[1.073s] Level 1:colcon.colcon_core.environment:create_file_with_runtime_dependencies(/home/ubuntu/arm_ws/install/arm_bot/share/colcon-core/packages/arm_bot)
[1.073s] DEBUG:colcon.colcon_parallel_executor.executor.parallel:closing loop
[1.074s] DEBUG:colcon.colcon_parallel_executor.executor.parallel:loop closed
[1.074s] DEBUG:colcon.colcon_parallel_executor.executor.parallel:run_until_complete finished with '0'
[1.075s] DEBUG:colcon.colcon_core.event_reactor:joining thread
[1.091s] INFO:colcon.colcon_core.plugin_system:Skipping extension 'colcon_notification.desktop_notification.terminal_notifier': Not used on non-Darwin systems
[1.091s] INFO:colcon.colcon_core.plugin_system:Skipping extension 'colcon_notification.desktop_notification.win32': Not used on non-Windows systems
[1.091s] INFO:colcon.colcon_notification.desktop_notification:Sending desktop notification using 'notify2'
[1.126s] DEBUG:colcon.colcon_core.event_reactor:joined thread
[1.127s] INFO:colcon.colcon_core.shell:Creating prefix script '/home/ubuntu/arm_ws/install/local_setup.ps1'
[1.129s] INFO:colcon.colcon_core.shell:Creating prefix util module '/home/ubuntu/arm_ws/install/_local_setup_util_ps1.py'
[1.131s] INFO:colcon.colcon_core.shell:Creating prefix chain script '/home/ubuntu/arm_ws/install/setup.ps1'
[1.134s] INFO:colcon.colcon_core.shell:Creating prefix script '/home/ubuntu/arm_ws/install/local_setup.sh'
[1.135s] INFO:colcon.colcon_core.shell:Creating prefix util module '/home/ubuntu/arm_ws/install/_local_setup_util_sh.py'
[1.136s] INFO:colcon.colcon_core.shell:Creating prefix chain script '/home/ubuntu/arm_ws/install/setup.sh'
[1.139s] INFO:colcon.colcon_core.shell:Creating prefix script '/home/ubuntu/arm_ws/install/local_setup.bash'
[1.140s] INFO:colcon.colcon_core.shell:Creating prefix chain script '/home/ubuntu/arm_ws/install/setup.bash'
[1.142s] INFO:colcon.colcon_core.shell:Creating prefix script '/home/ubuntu/arm_ws/install/local_setup.zsh'
[1.143s] INFO:colcon.colcon_core.shell:Creating prefix chain script '/home/ubuntu/arm_ws/install/setup.zsh'
