[0.123s] Invoking command in '/home/ubuntu/arm_ws/build/arm_bot': CMAKE_PREFIX_PATH=${CMAKE_PREFIX_PATH}:/opt/ros/jazzy DEBUGINFOD_URLS=https://debuginfod.ubuntu.com /usr/bin/cmake --build /home/ubuntu/arm_ws/build/arm_bot -- -j12 -l12
[2.483s] Invoked command in '/home/ubuntu/arm_ws/build/arm_bot' returned '0': CMAKE_PREFIX_PATH=${CMAKE_PREFIX_PATH}:/opt/ros/jazzy DEBUGINFOD_URLS=https://debuginfod.ubuntu.com /usr/bin/cmake --build /home/ubuntu/arm_ws/build/arm_bot -- -j12 -l12
[2.516s] Invoking command in '/home/ubuntu/arm_ws/build/arm_bot': CMAKE_PREFIX_PATH=${CMAKE_PREFIX_PATH}:/opt/ros/jazzy DEBUGINFOD_URLS=https://debuginfod.ubuntu.com /usr/bin/cmake --install /home/ubuntu/arm_ws/build/arm_bot
[2.549s] -- Install configuration: ""
[2.577s] -- Execute custom install script
[2.607s] -- Up-to-date symlink: /home/ubuntu/arm_ws/install/arm_bot/share/arm_bot/config/empty.yaml
[2.608s] -- Up-to-date symlink: /home/ubuntu/arm_ws/install/arm_bot/share/arm_bot/description/arm_gazebo.xacro
[2.608s] -- Up-to-date symlink: /home/ubuntu/arm_ws/install/arm_bot/share/arm_bot/description/arm_ros2_control.xacro
[2.610s] -- Up-to-date symlink: /home/ubuntu/arm_ws/install/arm_bot/share/arm_bot/description/robot.urdf.xacro
[2.610s] -- Up-to-date symlink: /home/ubuntu/arm_ws/install/arm_bot/share/arm_bot/description/robot1.urdf
[2.610s] -- Up-to-date symlink: /home/ubuntu/arm_ws/install/arm_bot/share/arm_bot/launch/gazebo.launch.py
[2.610s] -- Up-to-date symlink: /home/ubuntu/arm_ws/install/arm_bot/share/arm_bot/launch/rsp.launch.py
[2.611s] -- Up-to-date symlink: /home/ubuntu/arm_ws/install/arm_bot/share/arm_bot/worlds/empty.world
[2.612s] -- Up-to-date symlink: /home/ubuntu/arm_ws/install/arm_bot/share/ament_index/resource_index/package_run_dependencies/arm_bot
[2.612s] -- Up-to-date symlink: /home/ubuntu/arm_ws/install/arm_bot/share/ament_index/resource_index/parent_prefix_path/arm_bot
[2.613s] -- Up-to-date symlink: /home/ubuntu/arm_ws/install/arm_bot/share/arm_bot/environment/ament_prefix_path.sh
[2.614s] -- Up-to-date symlink: /home/ubuntu/arm_ws/install/arm_bot/share/arm_bot/environment/ament_prefix_path.dsv
[2.615s] -- Up-to-date symlink: /home/ubuntu/arm_ws/install/arm_bot/share/arm_bot/environment/path.sh
[2.615s] -- Up-to-date symlink: /home/ubuntu/arm_ws/install/arm_bot/share/arm_bot/environment/path.dsv
[2.615s] -- Up-to-date symlink: /home/ubuntu/arm_ws/install/arm_bot/share/arm_bot/local_setup.bash
[2.615s] -- Up-to-date symlink: /home/ubuntu/arm_ws/install/arm_bot/share/arm_bot/local_setup.sh
[2.616s] -- Up-to-date symlink: /home/ubuntu/arm_ws/install/arm_bot/share/arm_bot/local_setup.zsh
[2.616s] -- Up-to-date symlink: /home/ubuntu/arm_ws/install/arm_bot/share/arm_bot/local_setup.dsv
[2.616s] -- Symlinking: /home/ubuntu/arm_ws/install/arm_bot/share/arm_bot/package.dsv
[2.663s] -- Up-to-date symlink: /home/ubuntu/arm_ws/install/arm_bot/share/ament_index/resource_index/packages/arm_bot
[2.663s] -- Up-to-date symlink: /home/ubuntu/arm_ws/install/arm_bot/share/arm_bot/cmake/arm_botConfig.cmake
[2.664s] -- Up-to-date symlink: /home/ubuntu/arm_ws/install/arm_bot/share/arm_bot/cmake/arm_botConfig-version.cmake
[2.664s] -- Up-to-date symlink: /home/ubuntu/arm_ws/install/arm_bot/share/arm_bot/package.xml
[2.961s] Invoked command in '/home/ubuntu/arm_ws/build/arm_bot' returned '0': CMAKE_PREFIX_PATH=${CMAKE_PREFIX_PATH}:/opt/ros/jazzy DEBUGINFOD_URLS=https://debuginfod.ubuntu.com /usr/bin/cmake --install /home/ubuntu/arm_ws/build/arm_bot
