[0.014s] Invoking command in '/home/ubuntu/arm_ws/build/arm_bot': DEBUGINFOD_URLS=https://debuginfod.ubuntu.com /usr/bin/cmake --build /home/ubuntu/arm_ws/build/arm_bot -- -j12 -l12
[0.121s] -- Found ament_cmake: 2.5.3 (/opt/ros/jazzy/share/ament_cmake/cmake)
[0.461s] -- Override CMake install command with custom implementation using symlinks instead of copying resources
[0.580s] -- Found ament_lint_auto: 0.17.1 (/opt/ros/jazzy/share/ament_lint_auto/cmake)
[0.584s] [0mCMake Error: File /home/ubuntu/arm_ws/src/arm_bot/package.xml does not exist.[0m
[0.584s] [31mCMake Error at /opt/ros/jazzy/share/ament_cmake_core/cmake/core/stamp.cmake:24 (configure_file):
[0.584s]   configure_file Problem configuring file
[0.584s] Call Stack (most recent call first):
[0.585s]   /opt/ros/jazzy/share/ament_cmake_core/cmake/core/ament_package_xml.cmake:73 (stamp)
[0.585s]   /opt/ros/jazzy/share/ament_cmake_core/cmake/core/ament_package_xml.cmake:49 (_ament_package_xml)
[0.585s]   /opt/ros/jazzy/share/ament_lint_auto/cmake/ament_lint_auto_find_test_dependencies.cmake:31 (ament_package_xml)
[0.585s]   CMakeLists.txt:23 (ament_lint_auto_find_test_dependencies)
[0.585s] 
[0.585s] [0m
[0.585s] [0mCMake Error: File /home/ubuntu/arm_ws/src/arm_bot/package.xml does not exist.[0m
[0.585s] [31mCMake Error at /opt/ros/jazzy/share/ament_cmake_core/cmake/core/stamp.cmake:24 (configure_file):
[0.585s]   configure_file Problem configuring file
[0.586s] Call Stack (most recent call first):
[0.586s]   /opt/ros/jazzy/share/ament_cmake_core/cmake/core/ament_package_xml.cmake:73 (stamp)
[0.586s]   /opt/ros/jazzy/share/ament_cmake_core/cmake/core/ament_package_xml.cmake:49 (_ament_package_xml)
[0.586s]   /opt/ros/jazzy/share/ament_cmake_core/cmake/core/ament_package.cmake:63 (ament_package_xml)
[0.586s]   CMakeLists.txt:31 (ament_package)
[0.586s] 
[0.586s] [0m
[0.630s] -- Configuring incomplete, errors occurred!
[0.636s] gmake: *** [Makefile:226: cmake_check_build_system] Error 1
[0.640s] Invoked command in '/home/ubuntu/arm_ws/build/arm_bot' returned '2': DEBUGINFOD_URLS=https://debuginfod.ubuntu.com /usr/bin/cmake --build /home/ubuntu/arm_ws/build/arm_bot -- -j12 -l12
